<?xml version="1.0" encoding="UTF-8"?>
<!-- Generated by org.testng.reporters.JUnitReportReporter -->
<testsuite skipped="3" hostname="DIN35003570" name="com.test.sogeti.ie.pom.testcases.LottoPlay_DuplicateSelectNumberTest" tests="3" failures="0" timestamp="10 Jan 2019 13:48:07 GMT" time="0.268" errors="0">
  <testcase name="LottoPlay_DuplicateSelectNumberTest" time="0.038" classname="com.test.sogeti.ie.pom.testcases.LottoPlay_DuplicateSelectNumberTest">
    <skipped/>
  </testcase> <!-- LottoPlay_DuplicateSelectNumberTest -->
  <testcase name="LottoPlay_DuplicateSelectNumberTest" time="0.135" classname="com.test.sogeti.ie.pom.testcases.LottoPlay_DuplicateSelectNumberTest">
    <skipped/>
  </testcase> <!-- LottoPlay_DuplicateSelectNumberTest -->
  <testcase name="LottoPlay_DuplicateSelectNumberTest" time="0.095" classname="com.test.sogeti.ie.pom.testcases.LottoPlay_DuplicateSelectNumberTest">
    <skipped/>
  </testcase> <!-- LottoPlay_DuplicateSelectNumberTest -->
</testsuite> <!-- com.test.sogeti.ie.pom.testcases.LottoPlay_DuplicateSelectNumberTest -->
