<?xml version="1.0" encoding="UTF-8"?>
<!-- Generated by org.testng.reporters.JUnitReportReporter -->
<testsuite skipped="2" hostname="DIN35003570" name="com.test.sogeti.ie.pom.testcases.PLIApp_Mobile_DailyMillionPlay_QuickPickTest" tests="3" failures="0" timestamp="10 Jan 2019 14:04:45 GMT" time="312.943" errors="0">
  <testcase name="PLIApp_Mobile_DailyMillionPlay_QuickPickTest" time="12.496" classname="com.test.sogeti.ie.pom.testcases.PLIApp_Mobile_DailyMillionPlay_QuickPickTest">
    <skipped/>
  </testcase> <!-- PLIApp_Mobile_DailyMillionPlay_QuickPickTest -->
  <testcase name="PLIApp_Mobile_DailyMillionPlay_QuickPickTest" time="290.387" classname="com.test.sogeti.ie.pom.testcases.PLIApp_Mobile_DailyMillionPlay_QuickPickTest"/>
  <testcase name="PLIApp_Mobile_DailyMillionPlay_QuickPickTest" time="10.060" classname="com.test.sogeti.ie.pom.testcases.PLIApp_Mobile_DailyMillionPlay_QuickPickTest">
    <skipped/>
  </testcase> <!-- PLIApp_Mobile_DailyMillionPlay_QuickPickTest -->
</testsuite> <!-- com.test.sogeti.ie.pom.testcases.PLIApp_Mobile_DailyMillionPlay_QuickPickTest -->
