<?xml version="1.0" encoding="UTF-8"?>
<!-- Generated by org.testng.reporters.JUnitReportReporter -->
<testsuite skipped="2" hostname="DIN35003570" name="com.test.sogeti.ie.pom.testcases.IWG_MoneyMultipliersDigital20XTest" tests="3" failures="0" timestamp="10 Jan 2019 13:48:07 GMT" time="151.782" errors="0">
  <testcase name="IWG_MoneyMultipliersDigital20XTest" time="151.710" classname="com.test.sogeti.ie.pom.testcases.IWG_MoneyMultipliersDigital20XTest"/>
  <testcase name="IWG_MoneyMultipliersDigital20XTest" time="0.041" classname="com.test.sogeti.ie.pom.testcases.IWG_MoneyMultipliersDigital20XTest">
    <skipped/>
  </testcase> <!-- IWG_MoneyMultipliersDigital20XTest -->
  <testcase name="IWG_MoneyMultipliersDigital20XTest" time="0.031" classname="com.test.sogeti.ie.pom.testcases.IWG_MoneyMultipliersDigital20XTest">
    <skipped/>
  </testcase> <!-- IWG_MoneyMultipliersDigital20XTest -->
</testsuite> <!-- com.test.sogeti.ie.pom.testcases.IWG_MoneyMultipliersDigital20XTest -->
