<?xml version="1.0" encoding="UTF-8"?>
<!-- Generated by org.testng.reporters.JUnitReportReporter -->
<testsuite skipped="3" hostname="DIN35003570" name="com.test.sogeti.ie.pom.testcases.EuroPlay_SelectNumberTest" tests="3" failures="0" timestamp="10 Jan 2019 13:48:07 GMT" time="0.730" errors="0">
  <testcase name="EuroPlay_SelectNumberTest" time="0.666" classname="com.test.sogeti.ie.pom.testcases.EuroPlay_SelectNumberTest">
    <skipped/>
  </testcase> <!-- EuroPlay_SelectNumberTest -->
  <testcase name="EuroPlay_SelectNumberTest" time="0.030" classname="com.test.sogeti.ie.pom.testcases.EuroPlay_SelectNumberTest">
    <skipped/>
  </testcase> <!-- EuroPlay_SelectNumberTest -->
  <testcase name="EuroPlay_SelectNumberTest" time="0.034" classname="com.test.sogeti.ie.pom.testcases.EuroPlay_SelectNumberTest">
    <skipped/>
  </testcase> <!-- EuroPlay_SelectNumberTest -->
</testsuite> <!-- com.test.sogeti.ie.pom.testcases.EuroPlay_SelectNumberTest -->
