<?xml version="1.0" encoding="UTF-8"?>
<!-- Generated by org.testng.reporters.JUnitReportReporter -->
<testsuite skipped="2" hostname="DIN35003570" name="com.test.sogeti.ie.pom.testcases.PLIApp_ChangePasswordTest" tests="3" failures="0" timestamp="07 Dec 2018 07:43:36 GMT" time="179.081" errors="0">
  <testcase name="PLIApp_ChangePasswordTest" time="0.062" classname="com.test.sogeti.ie.pom.testcases.PLIApp_ChangePasswordTest">
    <skipped/>
  </testcase> <!-- PLIApp_ChangePasswordTest -->
  <testcase name="PLIApp_ChangePasswordTest" time="2.670" classname="com.test.sogeti.ie.pom.testcases.PLIApp_ChangePasswordTest">
    <skipped/>
  </testcase> <!-- PLIApp_ChangePasswordTest -->
  <testcase name="PLIApp_ChangePasswordTest" time="176.349" classname="com.test.sogeti.ie.pom.testcases.PLIApp_ChangePasswordTest"/>
</testsuite> <!-- com.test.sogeti.ie.pom.testcases.PLIApp_ChangePasswordTest -->
