<?xml version="1.0" encoding="UTF-8"?>
<!-- Generated by org.testng.reporters.JUnitReportReporter -->
<testsuite skipped="2" hostname="DIN35003570" name="com.test.sogeti.ie.pom.testcases.RestrictedLocationTest" tests="3" failures="0" timestamp="30 Nov 2018 10:40:32 GMT" time="23.753" errors="0">
  <testcase name="RestrictedLocationTest" time="0.038" classname="com.test.sogeti.ie.pom.testcases.RestrictedLocationTest">
    <skipped/>
  </testcase> <!-- RestrictedLocationTest -->
  <testcase name="RestrictedLocationTest" time="0.045" classname="com.test.sogeti.ie.pom.testcases.RestrictedLocationTest">
    <skipped/>
  </testcase> <!-- RestrictedLocationTest -->
  <testcase name="RestrictedLocationTest" time="23.670" classname="com.test.sogeti.ie.pom.testcases.RestrictedLocationTest"/>
</testsuite> <!-- com.test.sogeti.ie.pom.testcases.RestrictedLocationTest -->
