<?xml version="1.0" encoding="UTF-8"?>
<!-- Generated by org.testng.reporters.JUnitReportReporter -->
<testsuite skipped="2" hostname="DIN35003570" name="com.test.sogeti.ie.pom.testcases.PLIApp_Mobile_DailyMillionPlay_NonLoggedInUser_QuickPickTest" tests="3" failures="0" timestamp="20 Dec 2018 10:52:20 GMT" time="283.814" errors="0">
  <testcase name="PLIApp_Mobile_DailyMillionPlay_NonLoggedInUser_QuickPickTest" time="281.073" classname="com.test.sogeti.ie.pom.testcases.PLIApp_Mobile_DailyMillionPlay_NonLoggedInUser_QuickPickTest"/>
  <testcase name="PLIApp_Mobile_DailyMillionPlay_NonLoggedInUser_QuickPickTest" time="2.686" classname="com.test.sogeti.ie.pom.testcases.PLIApp_Mobile_DailyMillionPlay_NonLoggedInUser_QuickPickTest">
    <skipped/>
  </testcase> <!-- PLIApp_Mobile_DailyMillionPlay_NonLoggedInUser_QuickPickTest -->
  <testcase name="PLIApp_Mobile_DailyMillionPlay_NonLoggedInUser_QuickPickTest" time="0.055" classname="com.test.sogeti.ie.pom.testcases.PLIApp_Mobile_DailyMillionPlay_NonLoggedInUser_QuickPickTest">
    <skipped/>
  </testcase> <!-- PLIApp_Mobile_DailyMillionPlay_NonLoggedInUser_QuickPickTest -->
</testsuite> <!-- com.test.sogeti.ie.pom.testcases.PLIApp_Mobile_DailyMillionPlay_NonLoggedInUser_QuickPickTest -->
