<?xml version="1.0" encoding="UTF-8"?>
<!-- Generated by org.testng.reporters.JUnitReportReporter -->
<testsuite skipped="3" hostname="DIN35003570" name="com.test.sogeti.ie.pom.testcases.LottoPlay_RandomNumberTest" tests="3" failures="0" timestamp="10 Jan 2019 13:48:07 GMT" time="0.807" errors="0">
  <testcase name="LottoPlay_RandomNumberTest" time="0.078" classname="com.test.sogeti.ie.pom.testcases.LottoPlay_RandomNumberTest">
    <skipped/>
  </testcase> <!-- LottoPlay_RandomNumberTest -->
  <testcase name="LottoPlay_RandomNumberTest" time="0.536" classname="com.test.sogeti.ie.pom.testcases.LottoPlay_RandomNumberTest">
    <skipped/>
  </testcase> <!-- LottoPlay_RandomNumberTest -->
  <testcase name="LottoPlay_RandomNumberTest" time="0.193" classname="com.test.sogeti.ie.pom.testcases.LottoPlay_RandomNumberTest">
    <skipped/>
  </testcase> <!-- LottoPlay_RandomNumberTest -->
</testsuite> <!-- com.test.sogeti.ie.pom.testcases.LottoPlay_RandomNumberTest -->
