<?xml version="1.0" encoding="UTF-8"?>
<!-- Generated by org.testng.reporters.JUnitReportReporter -->
<testsuite skipped="3" hostname="DIN35001513" name="com.test.sogeti.ie.pom.testcases.AddFundTransferTest" tests="3" failures="0" timestamp="10 Nov 2017 04:44:58 GMT" time="0.393" errors="0">
  <testcase name="AddFundTransferTest" time="0.314" classname="com.test.sogeti.ie.pom.testcases.AddFundTransferTest">
    <skipped/>
  </testcase> <!-- AddFundTransferTest -->
  <testcase name="AddFundTransferTest" time="0.041" classname="com.test.sogeti.ie.pom.testcases.AddFundTransferTest">
    <skipped/>
  </testcase> <!-- AddFundTransferTest -->
  <testcase name="AddFundTransferTest" time="0.038" classname="com.test.sogeti.ie.pom.testcases.AddFundTransferTest">
    <skipped/>
  </testcase> <!-- AddFundTransferTest -->
</testsuite> <!-- com.test.sogeti.ie.pom.testcases.AddFundTransferTest -->
