<?xml version="1.0" encoding="UTF-8"?>
<!-- Generated by org.testng.reporters.JUnitReportReporter -->
<testsuite skipped="3" hostname="DIN35003570" name="com.test.sogeti.ie.pom.testcases.LottoPlay_SelectNumberTest" tests="3" failures="0" timestamp="10 Jan 2019 13:48:07 GMT" time="0.290" errors="0">
  <testcase name="LottoPlay_SelectNumberTest" time="0.078" classname="com.test.sogeti.ie.pom.testcases.LottoPlay_SelectNumberTest">
    <skipped/>
  </testcase> <!-- LottoPlay_SelectNumberTest -->
  <testcase name="LottoPlay_SelectNumberTest" time="0.188" classname="com.test.sogeti.ie.pom.testcases.LottoPlay_SelectNumberTest">
    <skipped/>
  </testcase> <!-- LottoPlay_SelectNumberTest -->
  <testcase name="LottoPlay_SelectNumberTest" time="0.024" classname="com.test.sogeti.ie.pom.testcases.LottoPlay_SelectNumberTest">
    <skipped/>
  </testcase> <!-- LottoPlay_SelectNumberTest -->
</testsuite> <!-- com.test.sogeti.ie.pom.testcases.LottoPlay_SelectNumberTest -->
