<?xml version="1.0" encoding="UTF-8"?>
<!-- Generated by org.testng.reporters.JUnitReportReporter -->
<testsuite skipped="2" hostname="DIN35003570" name="com.test.sogeti.ie.pom.testcases.LoginTest" tests="3" failures="0" timestamp="21 Dec 2018 10:07:46 GMT" time="407.580" errors="0">
  <testcase name="doLogin" time="0.031" classname="com.test.sogeti.ie.pom.testcases.LoginTest">
    <skipped/>
  </testcase> <!-- doLogin -->
  <testcase name="doLogin" time="0.072" classname="com.test.sogeti.ie.pom.testcases.LoginTest">
    <skipped/>
  </testcase> <!-- doLogin -->
  <testcase name="doLogin" time="407.477" classname="com.test.sogeti.ie.pom.testcases.LoginTest"/>
</testsuite> <!-- com.test.sogeti.ie.pom.testcases.LoginTest -->
