<?xml version="1.0" encoding="UTF-8"?>
<!-- Generated by org.testng.reporters.JUnitReportReporter -->
<testsuite skipped="4" hostname="DIN35003570" name="com.test.sogeti.ie.pom.testcases.IWG_LuckInLoveTest" tests="4" failures="0" timestamp="10 Jan 2019 13:48:07 GMT" time="0.944" errors="0">
  <testcase name="IWG_LuckInLoveTest" time="0.185" classname="com.test.sogeti.ie.pom.testcases.IWG_LuckInLoveTest">
    <skipped/>
  </testcase> <!-- IWG_LuckInLoveTest -->
  <testcase name="IWG_LuckInLoveTest" time="0.489" classname="com.test.sogeti.ie.pom.testcases.IWG_LuckInLoveTest">
    <skipped/>
  </testcase> <!-- IWG_LuckInLoveTest -->
  <testcase name="IWG_LuckInLoveTest" time="0.138" classname="com.test.sogeti.ie.pom.testcases.IWG_LuckInLoveTest">
    <skipped/>
  </testcase> <!-- IWG_LuckInLoveTest -->
  <testcase name="IWG_LuckInLoveTest" time="0.132" classname="com.test.sogeti.ie.pom.testcases.IWG_LuckInLoveTest">
    <skipped/>
  </testcase> <!-- IWG_LuckInLoveTest -->
</testsuite> <!-- com.test.sogeti.ie.pom.testcases.IWG_LuckInLoveTest -->
