<?xml version="1.0" encoding="UTF-8"?>
<!-- Generated by org.testng.reporters.JUnitReportReporter -->
<testsuite skipped="3" hostname="DIN35003570" name="com.test.sogeti.ie.pom.testcases.DailyMillionPlay_QuickPickTest" tests="3" failures="0" timestamp="10 Jan 2019 13:48:07 GMT" time="0.657" errors="0">
  <testcase name="DailyMillionPlay_QuickPickTest" time="0.132" classname="com.test.sogeti.ie.pom.testcases.DailyMillionPlay_QuickPickTest">
    <skipped/>
  </testcase> <!-- DailyMillionPlay_QuickPickTest -->
  <testcase name="DailyMillionPlay_QuickPickTest" time="0.128" classname="com.test.sogeti.ie.pom.testcases.DailyMillionPlay_QuickPickTest">
    <skipped/>
  </testcase> <!-- DailyMillionPlay_QuickPickTest -->
  <testcase name="DailyMillionPlay_QuickPickTest" time="0.397" classname="com.test.sogeti.ie.pom.testcases.DailyMillionPlay_QuickPickTest">
    <skipped/>
  </testcase> <!-- DailyMillionPlay_QuickPickTest -->
</testsuite> <!-- com.test.sogeti.ie.pom.testcases.DailyMillionPlay_QuickPickTest -->
