<?xml version="1.0" encoding="UTF-8"?>
<!-- Generated by org.testng.reporters.JUnitReportReporter -->
<testsuite skipped="2" hostname="DIN35003570" name="com.test.sogeti.ie.pom.testcases.PLIApp_MyWallet_SpendingLimitsTest" tests="3" failures="0" timestamp="29 Nov 2018 06:29:40 GMT" time="312.577" errors="0">
  <testcase name="PLIApp_MyWallet_SpendingLimitsTest" time="22.719" classname="com.test.sogeti.ie.pom.testcases.PLIApp_MyWallet_SpendingLimitsTest">
    <skipped/>
  </testcase> <!-- PLIApp_MyWallet_SpendingLimitsTest -->
  <testcase name="PLIApp_MyWallet_SpendingLimitsTest" time="269.770" classname="com.test.sogeti.ie.pom.testcases.PLIApp_MyWallet_SpendingLimitsTest"/>
  <testcase name="PLIApp_MyWallet_SpendingLimitsTest" time="20.088" classname="com.test.sogeti.ie.pom.testcases.PLIApp_MyWallet_SpendingLimitsTest">
    <skipped/>
  </testcase> <!-- PLIApp_MyWallet_SpendingLimitsTest -->
</testsuite> <!-- com.test.sogeti.ie.pom.testcases.PLIApp_MyWallet_SpendingLimitsTest -->
