<?xml version="1.0" encoding="UTF-8"?>
<!-- Generated by org.testng.reporters.JUnitReportReporter -->
<testsuite skipped="3" hostname="DIN35003570" name="com.test.sogeti.ie.pom.testcases.LottoPlay_NonLoggedInUser_QuickPickTest" tests="3" failures="0" timestamp="10 Jan 2019 13:48:07 GMT" time="0.263" errors="0">
  <testcase name="LottoPlay_NonLoggedInUser_QuickPickTest" time="0.024" classname="com.test.sogeti.ie.pom.testcases.LottoPlay_NonLoggedInUser_QuickPickTest">
    <skipped/>
  </testcase> <!-- LottoPlay_NonLoggedInUser_QuickPickTest -->
  <testcase name="LottoPlay_NonLoggedInUser_QuickPickTest" time="0.023" classname="com.test.sogeti.ie.pom.testcases.LottoPlay_NonLoggedInUser_QuickPickTest">
    <skipped/>
  </testcase> <!-- LottoPlay_NonLoggedInUser_QuickPickTest -->
  <testcase name="LottoPlay_NonLoggedInUser_QuickPickTest" time="0.216" classname="com.test.sogeti.ie.pom.testcases.LottoPlay_NonLoggedInUser_QuickPickTest">
    <skipped/>
  </testcase> <!-- LottoPlay_NonLoggedInUser_QuickPickTest -->
</testsuite> <!-- com.test.sogeti.ie.pom.testcases.LottoPlay_NonLoggedInUser_QuickPickTest -->
