<?xml version="1.0" encoding="UTF-8"?>
<!-- Generated by org.testng.reporters.JUnitReportReporter -->
<testsuite skipped="0" hostname="akhila.local" name="com.test.dcx.ie.pom.testcases.CelcomeApp_LoginTest" tests="1" failures="0" timestamp="31 Jan 2019 12:20:19 GMT" time="197.075" errors="0">
  <testcase name="CelcomeApp_LoginTest" time="197.075" classname="com.test.dcx.ie.pom.testcases.CelcomeApp_LoginTest"/>
</testsuite> <!-- com.test.dcx.ie.pom.testcases.CelcomeApp_LoginTest -->
