<?xml version="1.0" encoding="UTF-8"?>
<!-- Generated by org.testng.reporters.JUnitReportReporter -->
<testsuite skipped="3" hostname="DIN35003570" name="com.test.sogeti.ie.pom.testcases.LottoPlay_NonLoggedInUser_SelectNumberTest" tests="3" failures="0" timestamp="10 Jan 2019 13:48:07 GMT" time="0.710" errors="0">
  <testcase name="LottoPlay_NonLoggedInUser_SelectNumberTest" time="0.240" classname="com.test.sogeti.ie.pom.testcases.LottoPlay_NonLoggedInUser_SelectNumberTest">
    <skipped/>
  </testcase> <!-- LottoPlay_NonLoggedInUser_SelectNumberTest -->
  <testcase name="LottoPlay_NonLoggedInUser_SelectNumberTest" time="0.267" classname="com.test.sogeti.ie.pom.testcases.LottoPlay_NonLoggedInUser_SelectNumberTest">
    <skipped/>
  </testcase> <!-- LottoPlay_NonLoggedInUser_SelectNumberTest -->
  <testcase name="LottoPlay_NonLoggedInUser_SelectNumberTest" time="0.203" classname="com.test.sogeti.ie.pom.testcases.LottoPlay_NonLoggedInUser_SelectNumberTest">
    <skipped/>
  </testcase> <!-- LottoPlay_NonLoggedInUser_SelectNumberTest -->
</testsuite> <!-- com.test.sogeti.ie.pom.testcases.LottoPlay_NonLoggedInUser_SelectNumberTest -->
