<?xml version="1.0" encoding="UTF-8"?>
<!-- Generated by org.testng.reporters.JUnitReportReporter -->
<testsuite skipped="2" hostname="DIN35003570" name="com.test.sogeti.ie.pom.testcases.PLIApp_UpdateCardDetailsTest" tests="3" failures="0" timestamp="07 Dec 2018 10:54:29 GMT" time="181.019" errors="0">
  <testcase name="PLIApp_UpdateCardDetailsTest" time="3.052" classname="com.test.sogeti.ie.pom.testcases.PLIApp_UpdateCardDetailsTest">
    <skipped/>
  </testcase> <!-- PLIApp_UpdateCardDetailsTest -->
  <testcase name="PLIApp_UpdateCardDetailsTest" time="6.082" classname="com.test.sogeti.ie.pom.testcases.PLIApp_UpdateCardDetailsTest">
    <skipped/>
  </testcase> <!-- PLIApp_UpdateCardDetailsTest -->
  <testcase name="PLIApp_UpdateCardDetailsTest" time="171.885" classname="com.test.sogeti.ie.pom.testcases.PLIApp_UpdateCardDetailsTest"/>
</testsuite> <!-- com.test.sogeti.ie.pom.testcases.PLIApp_UpdateCardDetailsTest -->
