<?xml version="1.0" encoding="UTF-8"?>
<!-- Generated by org.testng.reporters.JUnitReportReporter -->
<testsuite skipped="3" hostname="DIN35003570" name="com.test.sogeti.ie.pom.testcases.LottoPlay_QuickPickTest" tests="3" failures="0" timestamp="10 Jan 2019 13:48:07 GMT" time="0.855" errors="0">
  <testcase name="LottoPlay_QuickPickTest" time="0.264" classname="com.test.sogeti.ie.pom.testcases.LottoPlay_QuickPickTest">
    <skipped/>
  </testcase> <!-- LottoPlay_QuickPickTest -->
  <testcase name="LottoPlay_QuickPickTest" time="0.144" classname="com.test.sogeti.ie.pom.testcases.LottoPlay_QuickPickTest">
    <skipped/>
  </testcase> <!-- LottoPlay_QuickPickTest -->
  <testcase name="LottoPlay_QuickPickTest" time="0.447" classname="com.test.sogeti.ie.pom.testcases.LottoPlay_QuickPickTest">
    <skipped/>
  </testcase> <!-- LottoPlay_QuickPickTest -->
</testsuite> <!-- com.test.sogeti.ie.pom.testcases.LottoPlay_QuickPickTest -->
