<?xml version="1.0" encoding="UTF-8"?>
<!-- Generated by org.testng.reporters.JUnitReportReporter -->
<testsuite skipped="2" hostname="DIN35003570" name="com.test.sogeti.ie.pom.testcases.PLIApp_Mobile_DailyMillionPlay_NonLoggedInUser_SelectNumbersTest" tests="3" failures="0" timestamp="15 Jan 2019 08:45:03 GMT" time="397.418" errors="0">
  <testcase name="PLIApp_Mobile_DailyMillionPlay_NonLoggedInUser_SelectNumbersTest" time="2.554" classname="com.test.sogeti.ie.pom.testcases.PLIApp_Mobile_DailyMillionPlay_NonLoggedInUser_SelectNumbersTest">
    <skipped/>
  </testcase> <!-- PLIApp_Mobile_DailyMillionPlay_NonLoggedInUser_SelectNumbersTest -->
  <testcase name="PLIApp_Mobile_DailyMillionPlay_NonLoggedInUser_SelectNumbersTest" time="394.818" classname="com.test.sogeti.ie.pom.testcases.PLIApp_Mobile_DailyMillionPlay_NonLoggedInUser_SelectNumbersTest"/>
  <testcase name="PLIApp_Mobile_DailyMillionPlay_NonLoggedInUser_SelectNumbersTest" time="0.046" classname="com.test.sogeti.ie.pom.testcases.PLIApp_Mobile_DailyMillionPlay_NonLoggedInUser_SelectNumbersTest">
    <skipped/>
  </testcase> <!-- PLIApp_Mobile_DailyMillionPlay_NonLoggedInUser_SelectNumbersTest -->
</testsuite> <!-- com.test.sogeti.ie.pom.testcases.PLIApp_Mobile_DailyMillionPlay_NonLoggedInUser_SelectNumbersTest -->
