<?xml version="1.0" encoding="UTF-8"?>
<!-- Generated by org.testng.reporters.JUnitReportReporter -->
<testsuite skipped="2" hostname="DIN35003570" name="com.test.sogeti.ie.pom.testcases.PLIAppLogIn_BrowserTest" tests="3" failures="0" timestamp="10 Jan 2019 10:55:26 GMT" time="311.994" errors="0">
  <testcase name="PLIAppLogIn_BrowserTest" time="189.139" classname="com.test.sogeti.ie.pom.testcases.PLIAppLogIn_BrowserTest"/>
  <testcase name="PLIAppLogIn_BrowserTest" time="60.053" classname="com.test.sogeti.ie.pom.testcases.PLIAppLogIn_BrowserTest">
    <skipped/>
  </testcase> <!-- PLIAppLogIn_BrowserTest -->
  <testcase name="PLIAppLogIn_BrowserTest" time="62.802" classname="com.test.sogeti.ie.pom.testcases.PLIAppLogIn_BrowserTest">
    <skipped/>
  </testcase> <!-- PLIAppLogIn_BrowserTest -->
</testsuite> <!-- com.test.sogeti.ie.pom.testcases.PLIAppLogIn_BrowserTest -->
