<?xml version="1.0" encoding="UTF-8"?>
<!-- Generated by org.testng.reporters.JUnitReportReporter -->
<testsuite skipped="3" hostname="DIN35003570" name="com.test.sogeti.ie.pom.testcases.WithdrawFundTransferTest" tests="3" failures="0" timestamp="09 Jan 2019 13:00:33 GMT" time="0.453" errors="0">
  <testcase name="WithdrawFundTransferTest" time="0.296" classname="com.test.sogeti.ie.pom.testcases.WithdrawFundTransferTest">
    <skipped/>
  </testcase> <!-- WithdrawFundTransferTest -->
  <testcase name="WithdrawFundTransferTest" time="0.071" classname="com.test.sogeti.ie.pom.testcases.WithdrawFundTransferTest">
    <skipped/>
  </testcase> <!-- WithdrawFundTransferTest -->
  <testcase name="WithdrawFundTransferTest" time="0.086" classname="com.test.sogeti.ie.pom.testcases.WithdrawFundTransferTest">
    <skipped/>
  </testcase> <!-- WithdrawFundTransferTest -->
</testsuite> <!-- com.test.sogeti.ie.pom.testcases.WithdrawFundTransferTest -->
