<?xml version="1.0" encoding="UTF-8"?>
<!-- Generated by org.testng.reporters.JUnitReportReporter -->
<testsuite skipped="3" hostname="DIN35003570" name="com.test.sogeti.ie.pom.testcases.LottoPlay_MyLastTicketTest" tests="3" failures="0" timestamp="10 Jan 2019 13:48:07 GMT" time="0.685" errors="0">
  <testcase name="LottoPlay_MyLastTicketTest" time="0.202" classname="com.test.sogeti.ie.pom.testcases.LottoPlay_MyLastTicketTest">
    <skipped/>
  </testcase> <!-- LottoPlay_MyLastTicketTest -->
  <testcase name="LottoPlay_MyLastTicketTest" time="0.371" classname="com.test.sogeti.ie.pom.testcases.LottoPlay_MyLastTicketTest">
    <skipped/>
  </testcase> <!-- LottoPlay_MyLastTicketTest -->
  <testcase name="LottoPlay_MyLastTicketTest" time="0.112" classname="com.test.sogeti.ie.pom.testcases.LottoPlay_MyLastTicketTest">
    <skipped/>
  </testcase> <!-- LottoPlay_MyLastTicketTest -->
</testsuite> <!-- com.test.sogeti.ie.pom.testcases.LottoPlay_MyLastTicketTest -->
