<?xml version="1.0" encoding="UTF-8"?>
<!-- Generated by org.testng.reporters.JUnitReportReporter -->
<testsuite skipped="2" hostname="DIN35003570" name="com.test.sogeti.ie.pom.testcases.PLIApp_Mobile_DailyMillionPlay_SelectNumbersTest" tests="4" failures="0" timestamp="15 Jan 2019 12:29:52 GMT" time="102.197" errors="2">
  <testcase name="PLIApp_Mobile_DailyMillionPlay_SelectNumbersTest" time="0.000" classname="com.test.sogeti.ie.pom.testcases.PLIApp_Mobile_DailyMillionPlay_SelectNumbersTest">
    <skipped/>
  </testcase> <!-- PLIApp_Mobile_DailyMillionPlay_SelectNumbersTest -->
  <testcase name="PLIApp_Mobile_DailyMillionPlay_SelectNumbersTest" time="0.000" classname="com.test.sogeti.ie.pom.testcases.PLIApp_Mobile_DailyMillionPlay_SelectNumbersTest">
    <skipped/>
  </testcase> <!-- PLIApp_Mobile_DailyMillionPlay_SelectNumbersTest -->
  <testcase name="PLIApp_Mobile_DailyMillionPlay_SelectNumbersTest" time="101.945" classname="com.test.sogeti.ie.pom.testcases.PLIApp_Mobile_DailyMillionPlay_SelectNumbersTest">
    <error type="org.openqa.selenium.NoSuchSessionException" message="A session is either terminated or not started
Build info: version: &#039;3.14.0&#039;, revision: &#039;aacccce0&#039;, time: &#039;2018-08-02T20:19:58.91Z&#039;
System info: host: &#039;DIN35003570&#039;, ip: &#039;10.237.1.243&#039;, os.name: &#039;Windows 7&#039;, os.arch: &#039;amd64&#039;, os.version: &#039;6.1&#039;, java.version: &#039;1.8.0_131&#039;
Driver info: io.appium.java_client.android.AndroidDriver
Capabilities {browserName: chrome, databaseEnabled: false, desired: {browserName: chrome, deviceName: ZY3226BVMQ, platform: ANDROID, platformName: android, version: 8.1.0}, deviceManufacturer: motorola, deviceModel: Moto G (5S), deviceName: ZY3226BVMQ, deviceScreenSize: 1080x1920, deviceUDID: ZY3226BVMQ, javascriptEnabled: true, locationContextEnabled: false, networkConnectionEnabled: true, platform: ANDROID, platformName: Android, platformVersion: 8.1.0, takesScreenshot: true, version: 8.1.0, warnings: {}, webStorageEnabled: false}
Session ID: 6d8bbebc-d42f-4e91-a086-11e9f984f7a2">
      <![CDATA[org.openqa.selenium.NoSuchSessionException: A session is either terminated or not started
Build info: version: '3.14.0', revision: 'aacccce0', time: '2018-08-02T20:19:58.91Z'
System info: host: 'DIN35003570', ip: '10.237.1.243', os.name: 'Windows 7', os.arch: 'amd64', os.version: '6.1', java.version: '1.8.0_131'
Driver info: io.appium.java_client.android.AndroidDriver
Capabilities {browserName: chrome, databaseEnabled: false, desired: {browserName: chrome, deviceName: ZY3226BVMQ, platform: ANDROID, platformName: android, version: 8.1.0}, deviceManufacturer: motorola, deviceModel: Moto G (5S), deviceName: ZY3226BVMQ, deviceScreenSize: 1080x1920, deviceUDID: ZY3226BVMQ, javascriptEnabled: true, locationContextEnabled: false, networkConnectionEnabled: true, platform: ANDROID, platformName: Android, platformVersion: 8.1.0, takesScreenshot: true, version: 8.1.0, warnings: {}, webStorageEnabled: false}
Session ID: 6d8bbebc-d42f-4e91-a086-11e9f984f7a2
at sun.reflect.NativeConstructorAccessorImpl.newInstance0(Native Method)
at sun.reflect.NativeConstructorAccessorImpl.newInstance(Unknown Source)
at sun.reflect.DelegatingConstructorAccessorImpl.newInstance(Unknown Source)
at java.lang.reflect.Constructor.newInstance(Unknown Source)
at org.openqa.selenium.remote.http.W3CHttpResponseCodec.createException(W3CHttpResponseCodec.java:187)
at org.openqa.selenium.remote.http.W3CHttpResponseCodec.decode(W3CHttpResponseCodec.java:122)
at org.openqa.selenium.remote.http.W3CHttpResponseCodec.decode(W3CHttpResponseCodec.java:49)
at org.openqa.selenium.remote.HttpCommandExecutor.execute(HttpCommandExecutor.java:158)
at io.appium.java_client.remote.AppiumCommandExecutor.execute(AppiumCommandExecutor.java:231)
at org.openqa.selenium.remote.RemoteWebDriver.execute(RemoteWebDriver.java:548)
at io.appium.java_client.DefaultGenericMobileDriver.execute(DefaultGenericMobileDriver.java:46)
at io.appium.java_client.AppiumDriver.execute(AppiumDriver.java:1)
at io.appium.java_client.android.AndroidDriver.execute(AndroidDriver.java:1)
at org.openqa.selenium.remote.RemoteWebDriver.getScreenshotAs(RemoteWebDriver.java:294)
at com.test.sogeti.ie.pom.base.BasePage.takeScreenShot(BasePage.java:126)
at com.test.sogeti.ie.pom.base.BasePage.reportFailure(BasePage.java:147)
at com.test.sogeti.ie.pom.pages.LogInAppPage.doLogin(LogInAppPage.java:197)
at com.test.sogeti.ie.pom.testcases.PLIApp_Mobile_DailyMillionPlay_SelectNumbersTest.PLIApp_Mobile_DailyMillionPlay_SelectNumbersTest(PLIApp_Mobile_DailyMillionPlay_SelectNumbersTest.java:52)
at sun.reflect.NativeMethodAccessorImpl.invoke0(Native Method)
at sun.reflect.NativeMethodAccessorImpl.invoke(Unknown Source)
at sun.reflect.DelegatingMethodAccessorImpl.invoke(Unknown Source)
at java.lang.reflect.Method.invoke(Unknown Source)
at org.testng.internal.MethodInvocationHelper.invokeMethod(MethodInvocationHelper.java:124)
at org.testng.internal.Invoker.invokeMethod(Invoker.java:580)
at org.testng.internal.Invoker.invokeTestMethod(Invoker.java:716)
at org.testng.internal.Invoker.invokeTestMethods(Invoker.java:988)
at org.testng.internal.TestMethodWorker.invokeTestMethods(TestMethodWorker.java:125)
at org.testng.internal.TestMethodWorker.run(TestMethodWorker.java:109)
at org.testng.TestRunner.privateRun(TestRunner.java:648)
at org.testng.TestRunner.run(TestRunner.java:505)
at org.testng.SuiteRunner.runTest(SuiteRunner.java:455)
at org.testng.SuiteRunner.runSequentially(SuiteRunner.java:450)
at org.testng.SuiteRunner.privateRun(SuiteRunner.java:415)
at org.testng.SuiteRunner.run(SuiteRunner.java:364)
at org.testng.SuiteRunnerWorker.runSuite(SuiteRunnerWorker.java:52)
at org.testng.SuiteRunnerWorker.run(SuiteRunnerWorker.java:84)
at org.testng.TestNG.runSuitesSequentially(TestNG.java:1208)
at org.testng.TestNG.runSuitesLocally(TestNG.java:1137)
at org.testng.TestNG.runSuites(TestNG.java:1049)
at org.testng.TestNG.run(TestNG.java:1017)
at org.testng.remote.AbstractRemoteTestNG.run(AbstractRemoteTestNG.java:114)
at org.testng.remote.RemoteTestNG.initAndRun(RemoteTestNG.java:251)
at org.testng.remote.RemoteTestNG.main(RemoteTestNG.java:77)
]]>
    </error>
  </testcase> <!-- PLIApp_Mobile_DailyMillionPlay_SelectNumbersTest -->
  <testcase name="quit" time="0.252" classname="com.test.sogeti.ie.pom.testcases.PLIApp_Mobile_DailyMillionPlay_SelectNumbersTest">
    <error type="org.openqa.selenium.NoSuchSessionException" message="A session is either terminated or not started
Build info: version: &#039;3.14.0&#039;, revision: &#039;aacccce0&#039;, time: &#039;2018-08-02T20:19:58.91Z&#039;
System info: host: &#039;DIN35003570&#039;, ip: &#039;10.237.1.243&#039;, os.name: &#039;Windows 7&#039;, os.arch: &#039;amd64&#039;, os.version: &#039;6.1&#039;, java.version: &#039;1.8.0_131&#039;
Driver info: io.appium.java_client.android.AndroidDriver
Capabilities {browserName: chrome, databaseEnabled: false, desired: {browserName: chrome, deviceName: ZY3226BVMQ, platform: ANDROID, platformName: android, version: 8.1.0}, deviceManufacturer: motorola, deviceModel: Moto G (5S), deviceName: ZY3226BVMQ, deviceScreenSize: 1080x1920, deviceUDID: ZY3226BVMQ, javascriptEnabled: true, locationContextEnabled: false, networkConnectionEnabled: true, platform: ANDROID, platformName: Android, platformVersion: 8.1.0, takesScreenshot: true, version: 8.1.0, warnings: {}, webStorageEnabled: false}
Session ID: 6d8bbebc-d42f-4e91-a086-11e9f984f7a2">
      <![CDATA[org.openqa.selenium.NoSuchSessionException: A session is either terminated or not started
Build info: version: '3.14.0', revision: 'aacccce0', time: '2018-08-02T20:19:58.91Z'
System info: host: 'DIN35003570', ip: '10.237.1.243', os.name: 'Windows 7', os.arch: 'amd64', os.version: '6.1', java.version: '1.8.0_131'
Driver info: io.appium.java_client.android.AndroidDriver
Capabilities {browserName: chrome, databaseEnabled: false, desired: {browserName: chrome, deviceName: ZY3226BVMQ, platform: ANDROID, platformName: android, version: 8.1.0}, deviceManufacturer: motorola, deviceModel: Moto G (5S), deviceName: ZY3226BVMQ, deviceScreenSize: 1080x1920, deviceUDID: ZY3226BVMQ, javascriptEnabled: true, locationContextEnabled: false, networkConnectionEnabled: true, platform: ANDROID, platformName: Android, platformVersion: 8.1.0, takesScreenshot: true, version: 8.1.0, warnings: {}, webStorageEnabled: false}
Session ID: 6d8bbebc-d42f-4e91-a086-11e9f984f7a2
at sun.reflect.NativeConstructorAccessorImpl.newInstance0(Native Method)
at sun.reflect.NativeConstructorAccessorImpl.newInstance(Unknown Source)
at sun.reflect.DelegatingConstructorAccessorImpl.newInstance(Unknown Source)
at java.lang.reflect.Constructor.newInstance(Unknown Source)
at org.openqa.selenium.remote.http.W3CHttpResponseCodec.createException(W3CHttpResponseCodec.java:187)
at org.openqa.selenium.remote.http.W3CHttpResponseCodec.decode(W3CHttpResponseCodec.java:122)
at org.openqa.selenium.remote.http.W3CHttpResponseCodec.decode(W3CHttpResponseCodec.java:49)
at org.openqa.selenium.remote.HttpCommandExecutor.execute(HttpCommandExecutor.java:158)
at io.appium.java_client.remote.AppiumCommandExecutor.execute(AppiumCommandExecutor.java:231)
at org.openqa.selenium.remote.RemoteWebDriver.execute(RemoteWebDriver.java:548)
at io.appium.java_client.DefaultGenericMobileDriver.execute(DefaultGenericMobileDriver.java:46)
at io.appium.java_client.AppiumDriver.execute(AppiumDriver.java:1)
at io.appium.java_client.android.AndroidDriver.execute(AndroidDriver.java:1)
at org.openqa.selenium.remote.RemoteWebDriver.quit(RemoteWebDriver.java:448)
at com.test.sogeti.ie.pom.testcases.PLIApp_Mobile_DailyMillionPlay_SelectNumbersTest.quit(PLIApp_Mobile_DailyMillionPlay_SelectNumbersTest.java:124)
at sun.reflect.NativeMethodAccessorImpl.invoke0(Native Method)
at sun.reflect.NativeMethodAccessorImpl.invoke(Unknown Source)
at sun.reflect.DelegatingMethodAccessorImpl.invoke(Unknown Source)
at java.lang.reflect.Method.invoke(Unknown Source)
at org.testng.internal.MethodInvocationHelper.invokeMethod(MethodInvocationHelper.java:124)
at org.testng.internal.MethodInvocationHelper.invokeMethodConsideringTimeout(MethodInvocationHelper.java:59)
at org.testng.internal.Invoker.invokeConfigurationMethod(Invoker.java:455)
at org.testng.internal.Invoker.invokeConfigurations(Invoker.java:222)
at org.testng.internal.Invoker.invokeMethod(Invoker.java:643)
at org.testng.internal.Invoker.invokeTestMethod(Invoker.java:716)
at org.testng.internal.Invoker.invokeTestMethods(Invoker.java:988)
at org.testng.internal.TestMethodWorker.invokeTestMethods(TestMethodWorker.java:125)
at org.testng.internal.TestMethodWorker.run(TestMethodWorker.java:109)
at org.testng.TestRunner.privateRun(TestRunner.java:648)
at org.testng.TestRunner.run(TestRunner.java:505)
at org.testng.SuiteRunner.runTest(SuiteRunner.java:455)
at org.testng.SuiteRunner.runSequentially(SuiteRunner.java:450)
at org.testng.SuiteRunner.privateRun(SuiteRunner.java:415)
at org.testng.SuiteRunner.run(SuiteRunner.java:364)
at org.testng.SuiteRunnerWorker.runSuite(SuiteRunnerWorker.java:52)
at org.testng.SuiteRunnerWorker.run(SuiteRunnerWorker.java:84)
at org.testng.TestNG.runSuitesSequentially(TestNG.java:1208)
at org.testng.TestNG.runSuitesLocally(TestNG.java:1137)
at org.testng.TestNG.runSuites(TestNG.java:1049)
at org.testng.TestNG.run(TestNG.java:1017)
at org.testng.remote.AbstractRemoteTestNG.run(AbstractRemoteTestNG.java:114)
at org.testng.remote.RemoteTestNG.initAndRun(RemoteTestNG.java:251)
at org.testng.remote.RemoteTestNG.main(RemoteTestNG.java:77)
]]>
    </error>
  </testcase> <!-- quit -->
</testsuite> <!-- com.test.sogeti.ie.pom.testcases.PLIApp_Mobile_DailyMillionPlay_SelectNumbersTest -->
