<?xml version="1.0" encoding="UTF-8"?>
<!-- Generated by org.testng.reporters.JUnitReportReporter -->
<testsuite skipped="2" hostname="DIN35003570" name="com.test.sogeti.ie.pom.testcases.PLIAppAddFundTransfer_BrowserTest" tests="3" failures="0" timestamp="03 Dec 2018 14:19:32 GMT" time="344.288" errors="0">
  <testcase name="PLIAppFundTransfer_BrowserTest" time="270.278" classname="com.test.sogeti.ie.pom.testcases.PLIAppAddFundTransfer_BrowserTest"/>
  <testcase name="PLIAppFundTransfer_BrowserTest" time="38.916" classname="com.test.sogeti.ie.pom.testcases.PLIAppAddFundTransfer_BrowserTest">
    <skipped/>
  </testcase> <!-- PLIAppFundTransfer_BrowserTest -->
  <testcase name="PLIAppFundTransfer_BrowserTest" time="35.094" classname="com.test.sogeti.ie.pom.testcases.PLIAppAddFundTransfer_BrowserTest">
    <skipped/>
  </testcase> <!-- PLIAppFundTransfer_BrowserTest -->
</testsuite> <!-- com.test.sogeti.ie.pom.testcases.PLIAppAddFundTransfer_BrowserTest -->
