<?xml version="1.0" encoding="UTF-8"?>
<!-- Generated by org.testng.reporters.JUnitReportReporter -->
<testsuite skipped="6" hostname="DIN35003570" name="com.test.sogeti.ie.pom.testcases.E2E_DBG_PLITest" tests="6" failures="0" timestamp="10 Jan 2019 13:48:07 GMT" time="0.258" errors="0">
  <testcase name="LottoPlay_SelectNumberTest" time="0.027" classname="com.test.sogeti.ie.pom.testcases.E2E_DBG_PLITest">
    <skipped/>
  </testcase> <!-- LottoPlay_SelectNumberTest -->
  <testcase name="LottoPlay_SelectNumberTest" time="0.030" classname="com.test.sogeti.ie.pom.testcases.E2E_DBG_PLITest">
    <skipped/>
  </testcase> <!-- LottoPlay_SelectNumberTest -->
  <testcase name="LottoPlay_SelectNumberTest" time="0.054" classname="com.test.sogeti.ie.pom.testcases.E2E_DBG_PLITest">
    <skipped/>
  </testcase> <!-- LottoPlay_SelectNumberTest -->
  <testcase name="LottoPlay_SelectNumberTest" time="0.025" classname="com.test.sogeti.ie.pom.testcases.E2E_DBG_PLITest">
    <skipped/>
  </testcase> <!-- LottoPlay_SelectNumberTest -->
  <testcase name="LottoPlay_SelectNumberTest" time="0.060" classname="com.test.sogeti.ie.pom.testcases.E2E_DBG_PLITest">
    <skipped/>
  </testcase> <!-- LottoPlay_SelectNumberTest -->
  <testcase name="LottoPlay_SelectNumberTest" time="0.062" classname="com.test.sogeti.ie.pom.testcases.E2E_DBG_PLITest">
    <skipped/>
  </testcase> <!-- LottoPlay_SelectNumberTest -->
</testsuite> <!-- com.test.sogeti.ie.pom.testcases.E2E_DBG_PLITest -->
