<?xml version="1.0" encoding="UTF-8"?>
<!-- Generated by org.testng.reporters.JUnitReportReporter -->
<testsuite skipped="4" hostname="DIN35003570" name="com.test.sogeti.ie.pom.testcases.EuroPlay_MyFavoriteTest" tests="4" failures="0" timestamp="07 Jan 2019 08:18:21 GMT" time="0.125" errors="0">
  <testcase name="EuroPlay_MyFavoriteTest" time="0.026" classname="com.test.sogeti.ie.pom.testcases.EuroPlay_MyFavoriteTest">
    <skipped/>
  </testcase> <!-- EuroPlay_MyFavoriteTest -->
  <testcase name="EuroPlay_MyFavoriteTest" time="0.050" classname="com.test.sogeti.ie.pom.testcases.EuroPlay_MyFavoriteTest">
    <skipped/>
  </testcase> <!-- EuroPlay_MyFavoriteTest -->
  <testcase name="EuroPlay_MyFavoriteTest" time="0.026" classname="com.test.sogeti.ie.pom.testcases.EuroPlay_MyFavoriteTest">
    <skipped/>
  </testcase> <!-- EuroPlay_MyFavoriteTest -->
  <testcase name="EuroPlay_MyFavoriteTest" time="0.023" classname="com.test.sogeti.ie.pom.testcases.EuroPlay_MyFavoriteTest">
    <skipped/>
  </testcase> <!-- EuroPlay_MyFavoriteTest -->
</testsuite> <!-- com.test.sogeti.ie.pom.testcases.EuroPlay_MyFavoriteTest -->
