<?xml version="1.0" encoding="UTF-8"?>
<!-- Generated by org.testng.reporters.JUnitReportReporter -->
<testsuite skipped="3" hostname="DIN35003570" name="com.test.sogeti.ie.pom.testcases.IWG_MoneyMultipliersDigital20XTest" tests="3" failures="0" timestamp="07 Jan 2019 08:18:22 GMT" time="0.067" errors="0">
  <testcase name="IWG_MoneyMultipliersDigital20XTest" time="0.024" classname="com.test.sogeti.ie.pom.testcases.IWG_MoneyMultipliersDigital20XTest">
    <skipped/>
  </testcase> <!-- IWG_MoneyMultipliersDigital20XTest -->
  <testcase name="IWG_MoneyMultipliersDigital20XTest" time="0.021" classname="com.test.sogeti.ie.pom.testcases.IWG_MoneyMultipliersDigital20XTest">
    <skipped/>
  </testcase> <!-- IWG_MoneyMultipliersDigital20XTest -->
  <testcase name="IWG_MoneyMultipliersDigital20XTest" time="0.022" classname="com.test.sogeti.ie.pom.testcases.IWG_MoneyMultipliersDigital20XTest">
    <skipped/>
  </testcase> <!-- IWG_MoneyMultipliersDigital20XTest -->
</testsuite> <!-- com.test.sogeti.ie.pom.testcases.IWG_MoneyMultipliersDigital20XTest -->
