<?xml version="1.0" encoding="UTF-8"?>
<!-- Generated by org.testng.reporters.JUnitReportReporter -->
<testsuite skipped="3" hostname="DIN35003570" name="com.test.sogeti.ie.pom.testcases.LottoPlay_SelectNumberTest" tests="3" failures="0" timestamp="07 Jan 2019 08:18:22 GMT" time="0.072" errors="0">
  <testcase name="LottoPlay_SelectNumberTest" time="0.023" classname="com.test.sogeti.ie.pom.testcases.LottoPlay_SelectNumberTest">
    <skipped/>
  </testcase> <!-- LottoPlay_SelectNumberTest -->
  <testcase name="LottoPlay_SelectNumberTest" time="0.023" classname="com.test.sogeti.ie.pom.testcases.LottoPlay_SelectNumberTest">
    <skipped/>
  </testcase> <!-- LottoPlay_SelectNumberTest -->
  <testcase name="LottoPlay_SelectNumberTest" time="0.026" classname="com.test.sogeti.ie.pom.testcases.LottoPlay_SelectNumberTest">
    <skipped/>
  </testcase> <!-- LottoPlay_SelectNumberTest -->
</testsuite> <!-- com.test.sogeti.ie.pom.testcases.LottoPlay_SelectNumberTest -->
