<?xml version="1.0" encoding="UTF-8"?>
<!-- Generated by org.testng.reporters.JUnitReportReporter -->
<testsuite skipped="3" hostname="DIN35003570" name="com.test.sogeti.ie.pom.testcases.LottoPlay_CancelSelectNumberTest" tests="3" failures="0" timestamp="07 Jan 2019 08:18:22 GMT" time="0.070" errors="0">
  <testcase name="LottoPlay_CancelSelectNumberTest" time="0.025" classname="com.test.sogeti.ie.pom.testcases.LottoPlay_CancelSelectNumberTest">
    <skipped/>
  </testcase> <!-- LottoPlay_CancelSelectNumberTest -->
  <testcase name="LottoPlay_CancelSelectNumberTest" time="0.022" classname="com.test.sogeti.ie.pom.testcases.LottoPlay_CancelSelectNumberTest">
    <skipped/>
  </testcase> <!-- LottoPlay_CancelSelectNumberTest -->
  <testcase name="LottoPlay_CancelSelectNumberTest" time="0.023" classname="com.test.sogeti.ie.pom.testcases.LottoPlay_CancelSelectNumberTest">
    <skipped/>
  </testcase> <!-- LottoPlay_CancelSelectNumberTest -->
</testsuite> <!-- com.test.sogeti.ie.pom.testcases.LottoPlay_CancelSelectNumberTest -->
