<?xml version="1.0" encoding="UTF-8"?>
<!-- Generated by org.testng.reporters.JUnitReportReporter -->
<testsuite skipped="3" hostname="DIN35003570" name="com.test.sogeti.ie.pom.testcases.DailyMillionPlay_EditTicketSummaryTest" tests="3" failures="0" timestamp="07 Jan 2019 08:18:22 GMT" time="0.076" errors="0">
  <testcase name="DailyMillionPlay_EditTicketSummaryTest" time="0.025" classname="com.test.sogeti.ie.pom.testcases.DailyMillionPlay_EditTicketSummaryTest">
    <skipped/>
  </testcase> <!-- DailyMillionPlay_EditTicketSummaryTest -->
  <testcase name="DailyMillionPlay_EditTicketSummaryTest" time="0.021" classname="com.test.sogeti.ie.pom.testcases.DailyMillionPlay_EditTicketSummaryTest">
    <skipped/>
  </testcase> <!-- DailyMillionPlay_EditTicketSummaryTest -->
  <testcase name="DailyMillionPlay_EditTicketSummaryTest" time="0.030" classname="com.test.sogeti.ie.pom.testcases.DailyMillionPlay_EditTicketSummaryTest">
    <skipped/>
  </testcase> <!-- DailyMillionPlay_EditTicketSummaryTest -->
</testsuite> <!-- com.test.sogeti.ie.pom.testcases.DailyMillionPlay_EditTicketSummaryTest -->
