<?xml version="1.0" encoding="UTF-8"?>
<!-- Generated by org.testng.reporters.JUnitReportReporter -->
<testsuite skipped="3" hostname="DIN35003570" name="com.test.sogeti.ie.pom.testcases.PLIApp_MyWallet_SpendingLimitsTest" tests="3" failures="0" timestamp="07 Jan 2019 08:18:21 GMT" time="45.164" errors="0">
  <testcase name="PLIApp_MyWallet_SpendingLimitsTest" time="15.069" classname="com.test.sogeti.ie.pom.testcases.PLIApp_MyWallet_SpendingLimitsTest">
    <skipped/>
  </testcase> <!-- PLIApp_MyWallet_SpendingLimitsTest -->
  <testcase name="PLIApp_MyWallet_SpendingLimitsTest" time="15.040" classname="com.test.sogeti.ie.pom.testcases.PLIApp_MyWallet_SpendingLimitsTest">
    <skipped/>
  </testcase> <!-- PLIApp_MyWallet_SpendingLimitsTest -->
  <testcase name="PLIApp_MyWallet_SpendingLimitsTest" time="15.055" classname="com.test.sogeti.ie.pom.testcases.PLIApp_MyWallet_SpendingLimitsTest">
    <skipped/>
  </testcase> <!-- PLIApp_MyWallet_SpendingLimitsTest -->
</testsuite> <!-- com.test.sogeti.ie.pom.testcases.PLIApp_MyWallet_SpendingLimitsTest -->
