<?xml version="1.0" encoding="UTF-8"?>
<!-- Generated by org.testng.reporters.JUnitReportReporter -->
<testsuite skipped="6" hostname="DIN35003570" name="com.test.sogeti.ie.pom.testcases.TellyBingoViewResultsTest" tests="6" failures="0" timestamp="07 Jan 2019 08:18:22 GMT" time="0.187" errors="0">
  <testcase name="TellyBingoViewResultsTest" time="0.029" classname="com.test.sogeti.ie.pom.testcases.TellyBingoViewResultsTest">
    <skipped/>
  </testcase> <!-- TellyBingoViewResultsTest -->
  <testcase name="TellyBingoViewResultsTest" time="0.035" classname="com.test.sogeti.ie.pom.testcases.TellyBingoViewResultsTest">
    <skipped/>
  </testcase> <!-- TellyBingoViewResultsTest -->
  <testcase name="TellyBingoViewResultsTest" time="0.029" classname="com.test.sogeti.ie.pom.testcases.TellyBingoViewResultsTest">
    <skipped/>
  </testcase> <!-- TellyBingoViewResultsTest -->
  <testcase name="TellyBingoViewResultsTest" time="0.031" classname="com.test.sogeti.ie.pom.testcases.TellyBingoViewResultsTest">
    <skipped/>
  </testcase> <!-- TellyBingoViewResultsTest -->
  <testcase name="TellyBingoViewResultsTest" time="0.031" classname="com.test.sogeti.ie.pom.testcases.TellyBingoViewResultsTest">
    <skipped/>
  </testcase> <!-- TellyBingoViewResultsTest -->
  <testcase name="TellyBingoViewResultsTest" time="0.032" classname="com.test.sogeti.ie.pom.testcases.TellyBingoViewResultsTest">
    <skipped/>
  </testcase> <!-- TellyBingoViewResultsTest -->
</testsuite> <!-- com.test.sogeti.ie.pom.testcases.TellyBingoViewResultsTest -->
