<?xml version="1.0" encoding="UTF-8"?>
<!-- Generated by org.testng.reporters.JUnitReportReporter -->
<testsuite skipped="3" hostname="DIN35003570" name="com.test.sogeti.ie.pom.testcases.DailyMillionPlay_SelectNumberTest" tests="3" failures="0" timestamp="07 Jan 2019 08:18:22 GMT" time="0.085" errors="0">
  <testcase name="DailyMillionPlay_SelectNumberTest" time="0.022" classname="com.test.sogeti.ie.pom.testcases.DailyMillionPlay_SelectNumberTest">
    <skipped/>
  </testcase> <!-- DailyMillionPlay_SelectNumberTest -->
  <testcase name="DailyMillionPlay_SelectNumberTest" time="0.035" classname="com.test.sogeti.ie.pom.testcases.DailyMillionPlay_SelectNumberTest">
    <skipped/>
  </testcase> <!-- DailyMillionPlay_SelectNumberTest -->
  <testcase name="DailyMillionPlay_SelectNumberTest" time="0.028" classname="com.test.sogeti.ie.pom.testcases.DailyMillionPlay_SelectNumberTest">
    <skipped/>
  </testcase> <!-- DailyMillionPlay_SelectNumberTest -->
</testsuite> <!-- com.test.sogeti.ie.pom.testcases.DailyMillionPlay_SelectNumberTest -->
