<?xml version="1.0" encoding="UTF-8"?>
<!-- Generated by org.testng.reporters.JUnitReportReporter -->
<testsuite skipped="3" hostname="DIN35003570" name="com.test.sogeti.ie.pom.testcases.EuroPlay_MyLastTicketTest" tests="3" failures="0" timestamp="07 Jan 2019 08:18:21 GMT" time="0.084" errors="0">
  <testcase name="EuroPlay_MyLastTicketTest" time="0.029" classname="com.test.sogeti.ie.pom.testcases.EuroPlay_MyLastTicketTest">
    <skipped/>
  </testcase> <!-- EuroPlay_MyLastTicketTest -->
  <testcase name="EuroPlay_MyLastTicketTest" time="0.031" classname="com.test.sogeti.ie.pom.testcases.EuroPlay_MyLastTicketTest">
    <skipped/>
  </testcase> <!-- EuroPlay_MyLastTicketTest -->
  <testcase name="EuroPlay_MyLastTicketTest" time="0.024" classname="com.test.sogeti.ie.pom.testcases.EuroPlay_MyLastTicketTest">
    <skipped/>
  </testcase> <!-- EuroPlay_MyLastTicketTest -->
</testsuite> <!-- com.test.sogeti.ie.pom.testcases.EuroPlay_MyLastTicketTest -->
