<?xml version="1.0" encoding="UTF-8"?>
<!-- Generated by org.testng.reporters.JUnitReportReporter -->
<testsuite skipped="3" hostname="DIN35003570" name="com.test.sogeti.ie.pom.testcases.AddFundTransferTest" tests="3" failures="0" timestamp="07 Jan 2019 08:18:22 GMT" time="0.335" errors="0">
  <testcase name="AddFundTransferTest" time="0.068" classname="com.test.sogeti.ie.pom.testcases.AddFundTransferTest">
    <skipped/>
  </testcase> <!-- AddFundTransferTest -->
  <testcase name="AddFundTransferTest" time="0.040" classname="com.test.sogeti.ie.pom.testcases.AddFundTransferTest">
    <skipped/>
  </testcase> <!-- AddFundTransferTest -->
  <testcase name="AddFundTransferTest" time="0.227" classname="com.test.sogeti.ie.pom.testcases.AddFundTransferTest">
    <skipped/>
  </testcase> <!-- AddFundTransferTest -->
</testsuite> <!-- com.test.sogeti.ie.pom.testcases.AddFundTransferTest -->
