<?xml version="1.0" encoding="UTF-8"?>
<!-- Generated by org.testng.reporters.JUnitReportReporter -->
<testsuite skipped="6" hostname="DIN35003570" name="com.test.sogeti.ie.pom.testcases.LottoViewResultsTest" tests="6" failures="0" timestamp="07 Jan 2019 08:18:22 GMT" time="0.154" errors="0">
  <testcase name="LottoViewResultsTest" time="0.029" classname="com.test.sogeti.ie.pom.testcases.LottoViewResultsTest">
    <skipped/>
  </testcase> <!-- LottoViewResultsTest -->
  <testcase name="LottoViewResultsTest" time="0.028" classname="com.test.sogeti.ie.pom.testcases.LottoViewResultsTest">
    <skipped/>
  </testcase> <!-- LottoViewResultsTest -->
  <testcase name="LottoViewResultsTest" time="0.025" classname="com.test.sogeti.ie.pom.testcases.LottoViewResultsTest">
    <skipped/>
  </testcase> <!-- LottoViewResultsTest -->
  <testcase name="LottoViewResultsTest" time="0.022" classname="com.test.sogeti.ie.pom.testcases.LottoViewResultsTest">
    <skipped/>
  </testcase> <!-- LottoViewResultsTest -->
  <testcase name="LottoViewResultsTest" time="0.025" classname="com.test.sogeti.ie.pom.testcases.LottoViewResultsTest">
    <skipped/>
  </testcase> <!-- LottoViewResultsTest -->
  <testcase name="LottoViewResultsTest" time="0.025" classname="com.test.sogeti.ie.pom.testcases.LottoViewResultsTest">
    <skipped/>
  </testcase> <!-- LottoViewResultsTest -->
</testsuite> <!-- com.test.sogeti.ie.pom.testcases.LottoViewResultsTest -->
