<?xml version="1.0" encoding="UTF-8"?>
<!-- Generated by org.testng.reporters.JUnitReportReporter -->
<testsuite skipped="3" hostname="DIN35003570" name="com.test.sogeti.ie.pom.testcases.DailyMillionPlay_MyLastTicketTest" tests="3" failures="0" timestamp="07 Jan 2019 08:18:22 GMT" time="0.068" errors="0">
  <testcase name="DailyMillionPlay_MyLastTicketTest" time="0.021" classname="com.test.sogeti.ie.pom.testcases.DailyMillionPlay_MyLastTicketTest">
    <skipped/>
  </testcase> <!-- DailyMillionPlay_MyLastTicketTest -->
  <testcase name="DailyMillionPlay_MyLastTicketTest" time="0.021" classname="com.test.sogeti.ie.pom.testcases.DailyMillionPlay_MyLastTicketTest">
    <skipped/>
  </testcase> <!-- DailyMillionPlay_MyLastTicketTest -->
  <testcase name="DailyMillionPlay_MyLastTicketTest" time="0.026" classname="com.test.sogeti.ie.pom.testcases.DailyMillionPlay_MyLastTicketTest">
    <skipped/>
  </testcase> <!-- DailyMillionPlay_MyLastTicketTest -->
</testsuite> <!-- com.test.sogeti.ie.pom.testcases.DailyMillionPlay_MyLastTicketTest -->
