<?xml version="1.0" encoding="UTF-8"?>
<!-- Generated by org.testng.reporters.JUnitReportReporter -->
<testsuite skipped="6" hostname="DIN35003570" name="com.test.sogeti.ie.pom.testcases.DailyMillionViewResultsTest" tests="6" failures="0" timestamp="07 Jan 2019 08:18:22 GMT" time="0.143" errors="0">
  <testcase name="DailyMillionViewResultsTest" time="0.022" classname="com.test.sogeti.ie.pom.testcases.DailyMillionViewResultsTest">
    <skipped/>
  </testcase> <!-- DailyMillionViewResultsTest -->
  <testcase name="DailyMillionViewResultsTest" time="0.027" classname="com.test.sogeti.ie.pom.testcases.DailyMillionViewResultsTest">
    <skipped/>
  </testcase> <!-- DailyMillionViewResultsTest -->
  <testcase name="DailyMillionViewResultsTest" time="0.027" classname="com.test.sogeti.ie.pom.testcases.DailyMillionViewResultsTest">
    <skipped/>
  </testcase> <!-- DailyMillionViewResultsTest -->
  <testcase name="DailyMillionViewResultsTest" time="0.022" classname="com.test.sogeti.ie.pom.testcases.DailyMillionViewResultsTest">
    <skipped/>
  </testcase> <!-- DailyMillionViewResultsTest -->
  <testcase name="DailyMillionViewResultsTest" time="0.023" classname="com.test.sogeti.ie.pom.testcases.DailyMillionViewResultsTest">
    <skipped/>
  </testcase> <!-- DailyMillionViewResultsTest -->
  <testcase name="DailyMillionViewResultsTest" time="0.022" classname="com.test.sogeti.ie.pom.testcases.DailyMillionViewResultsTest">
    <skipped/>
  </testcase> <!-- DailyMillionViewResultsTest -->
</testsuite> <!-- com.test.sogeti.ie.pom.testcases.DailyMillionViewResultsTest -->
