<?xml version="1.0" encoding="UTF-8"?>
<!-- Generated by org.testng.reporters.JUnitReportReporter -->
<testsuite skipped="3" hostname="DIN35003570" name="com.test.sogeti.ie.pom.testcases.EuroPlay_DuplicateSelectNumberTest" tests="3" failures="0" timestamp="07 Jan 2019 08:18:22 GMT" time="0.096" errors="0">
  <testcase name="EuroPlay_DuplicateSelectNumberTest" time="0.046" classname="com.test.sogeti.ie.pom.testcases.EuroPlay_DuplicateSelectNumberTest">
    <skipped/>
  </testcase> <!-- EuroPlay_DuplicateSelectNumberTest -->
  <testcase name="EuroPlay_DuplicateSelectNumberTest" time="0.027" classname="com.test.sogeti.ie.pom.testcases.EuroPlay_DuplicateSelectNumberTest">
    <skipped/>
  </testcase> <!-- EuroPlay_DuplicateSelectNumberTest -->
  <testcase name="EuroPlay_DuplicateSelectNumberTest" time="0.023" classname="com.test.sogeti.ie.pom.testcases.EuroPlay_DuplicateSelectNumberTest">
    <skipped/>
  </testcase> <!-- EuroPlay_DuplicateSelectNumberTest -->
</testsuite> <!-- com.test.sogeti.ie.pom.testcases.EuroPlay_DuplicateSelectNumberTest -->
