<?xml version="1.0" encoding="UTF-8"?>
<!-- Generated by org.testng.reporters.JUnitReportReporter -->
<testsuite skipped="4" hostname="DIN35003570" name="com.test.sogeti.ie.pom.testcases.IWG_LuckInLoveTest" tests="4" failures="0" timestamp="07 Jan 2019 08:18:22 GMT" time="0.093" errors="0">
  <testcase name="IWG_LuckInLoveTest" time="0.026" classname="com.test.sogeti.ie.pom.testcases.IWG_LuckInLoveTest">
    <skipped/>
  </testcase> <!-- IWG_LuckInLoveTest -->
  <testcase name="IWG_LuckInLoveTest" time="0.023" classname="com.test.sogeti.ie.pom.testcases.IWG_LuckInLoveTest">
    <skipped/>
  </testcase> <!-- IWG_LuckInLoveTest -->
  <testcase name="IWG_LuckInLoveTest" time="0.021" classname="com.test.sogeti.ie.pom.testcases.IWG_LuckInLoveTest">
    <skipped/>
  </testcase> <!-- IWG_LuckInLoveTest -->
  <testcase name="IWG_LuckInLoveTest" time="0.023" classname="com.test.sogeti.ie.pom.testcases.IWG_LuckInLoveTest">
    <skipped/>
  </testcase> <!-- IWG_LuckInLoveTest -->
</testsuite> <!-- com.test.sogeti.ie.pom.testcases.IWG_LuckInLoveTest -->
