<?xml version="1.0" encoding="UTF-8"?>
<!-- Generated by org.testng.reporters.JUnitReportReporter -->
<testsuite skipped="3" hostname="DIN35003570" name="com.test.sogeti.ie.pom.testcases.EuroPlay_ResetTest" tests="3" failures="0" timestamp="07 Jan 2019 08:18:22 GMT" time="0.070" errors="0">
  <testcase name="EuroPlay_ResetTest" time="0.024" classname="com.test.sogeti.ie.pom.testcases.EuroPlay_ResetTest">
    <skipped/>
  </testcase> <!-- EuroPlay_ResetTest -->
  <testcase name="EuroPlay_ResetTest" time="0.024" classname="com.test.sogeti.ie.pom.testcases.EuroPlay_ResetTest">
    <skipped/>
  </testcase> <!-- EuroPlay_ResetTest -->
  <testcase name="EuroPlay_ResetTest" time="0.022" classname="com.test.sogeti.ie.pom.testcases.EuroPlay_ResetTest">
    <skipped/>
  </testcase> <!-- EuroPlay_ResetTest -->
</testsuite> <!-- com.test.sogeti.ie.pom.testcases.EuroPlay_ResetTest -->
