<?xml version="1.0" encoding="UTF-8"?>
<!-- Generated by org.testng.reporters.JUnitReportReporter -->
<testsuite skipped="3" hostname="DIN35003570" name="com.test.sogeti.ie.pom.testcases.DailyMillionPlay_RandomNumberTest" tests="3" failures="0" timestamp="07 Jan 2019 08:18:21 GMT" time="0.240" errors="0">
  <testcase name="DailyMillionPlay_RandomNumberTest" time="0.024" classname="com.test.sogeti.ie.pom.testcases.DailyMillionPlay_RandomNumberTest">
    <skipped/>
  </testcase> <!-- DailyMillionPlay_RandomNumberTest -->
  <testcase name="DailyMillionPlay_RandomNumberTest" time="0.195" classname="com.test.sogeti.ie.pom.testcases.DailyMillionPlay_RandomNumberTest">
    <skipped/>
  </testcase> <!-- DailyMillionPlay_RandomNumberTest -->
  <testcase name="DailyMillionPlay_RandomNumberTest" time="0.021" classname="com.test.sogeti.ie.pom.testcases.DailyMillionPlay_RandomNumberTest">
    <skipped/>
  </testcase> <!-- DailyMillionPlay_RandomNumberTest -->
</testsuite> <!-- com.test.sogeti.ie.pom.testcases.DailyMillionPlay_RandomNumberTest -->
