<?xml version="1.0" encoding="UTF-8"?>
<!-- Generated by org.testng.reporters.JUnitReportReporter -->
<testsuite skipped="3" hostname="DIN35003570" name="com.test.sogeti.ie.pom.testcases.SuspendAccountTest" tests="3" failures="0" timestamp="07 Jan 2019 08:18:22 GMT" time="0.084" errors="0">
  <testcase name="SuspendAccountTest" time="0.029" classname="com.test.sogeti.ie.pom.testcases.SuspendAccountTest">
    <skipped/>
  </testcase> <!-- SuspendAccountTest -->
  <testcase name="SuspendAccountTest" time="0.027" classname="com.test.sogeti.ie.pom.testcases.SuspendAccountTest">
    <skipped/>
  </testcase> <!-- SuspendAccountTest -->
  <testcase name="SuspendAccountTest" time="0.028" classname="com.test.sogeti.ie.pom.testcases.SuspendAccountTest">
    <skipped/>
  </testcase> <!-- SuspendAccountTest -->
</testsuite> <!-- com.test.sogeti.ie.pom.testcases.SuspendAccountTest -->
