<?xml version="1.0" encoding="UTF-8"?>
<!-- Generated by org.testng.reporters.JUnitReportReporter -->
<testsuite skipped="3" hostname="DIN35003570" name="com.test.sogeti.ie.pom.testcases.LottoPlay_ResetTest" tests="3" failures="0" timestamp="07 Jan 2019 08:18:22 GMT" time="0.077" errors="0">
  <testcase name="LottoPlay_ResetTest" time="0.024" classname="com.test.sogeti.ie.pom.testcases.LottoPlay_ResetTest">
    <skipped/>
  </testcase> <!-- LottoPlay_ResetTest -->
  <testcase name="LottoPlay_ResetTest" time="0.026" classname="com.test.sogeti.ie.pom.testcases.LottoPlay_ResetTest">
    <skipped/>
  </testcase> <!-- LottoPlay_ResetTest -->
  <testcase name="LottoPlay_ResetTest" time="0.027" classname="com.test.sogeti.ie.pom.testcases.LottoPlay_ResetTest">
    <skipped/>
  </testcase> <!-- LottoPlay_ResetTest -->
</testsuite> <!-- com.test.sogeti.ie.pom.testcases.LottoPlay_ResetTest -->
