<?xml version="1.0" encoding="UTF-8"?>
<!-- Generated by org.testng.reporters.JUnitReportReporter -->
<testsuite skipped="3" hostname="DIN35003570" name="com.test.sogeti.ie.pom.testcases.IWG_MoneyMultipliersDigital20X_NonLoggedinUser_PlayNowTest" tests="3" failures="0" timestamp="07 Jan 2019 08:18:22 GMT" time="0.070" errors="0">
  <testcase name="IWG_MoneyMultipliersDigital20X_NonLoggedinUser_PlayNowTest" time="0.025" classname="com.test.sogeti.ie.pom.testcases.IWG_MoneyMultipliersDigital20X_NonLoggedinUser_PlayNowTest">
    <skipped/>
  </testcase> <!-- IWG_MoneyMultipliersDigital20X_NonLoggedinUser_PlayNowTest -->
  <testcase name="IWG_MoneyMultipliersDigital20X_NonLoggedinUser_PlayNowTest" time="0.023" classname="com.test.sogeti.ie.pom.testcases.IWG_MoneyMultipliersDigital20X_NonLoggedinUser_PlayNowTest">
    <skipped/>
  </testcase> <!-- IWG_MoneyMultipliersDigital20X_NonLoggedinUser_PlayNowTest -->
  <testcase name="IWG_MoneyMultipliersDigital20X_NonLoggedinUser_PlayNowTest" time="0.022" classname="com.test.sogeti.ie.pom.testcases.IWG_MoneyMultipliersDigital20X_NonLoggedinUser_PlayNowTest">
    <skipped/>
  </testcase> <!-- IWG_MoneyMultipliersDigital20X_NonLoggedinUser_PlayNowTest -->
</testsuite> <!-- com.test.sogeti.ie.pom.testcases.IWG_MoneyMultipliersDigital20X_NonLoggedinUser_PlayNowTest -->
