<?xml version="1.0" encoding="UTF-8"?>
<!-- Generated by org.testng.reporters.JUnitReportReporter -->
<testsuite skipped="5" hostname="DIN35003570" name="com.test.sogeti.ie.pom.testcases.CheckMyTicketsEuroTest" tests="5" failures="0" timestamp="07 Jan 2019 08:18:22 GMT" time="2.061" errors="0">
  <testcase name="CheckMyTicketsEuroTest" time="0.027" classname="com.test.sogeti.ie.pom.testcases.CheckMyTicketsEuroTest">
    <skipped/>
  </testcase> <!-- CheckMyTicketsEuroTest -->
  <testcase name="CheckMyTicketsEuroTest" time="0.021" classname="com.test.sogeti.ie.pom.testcases.CheckMyTicketsEuroTest">
    <skipped/>
  </testcase> <!-- CheckMyTicketsEuroTest -->
  <testcase name="CheckMyTicketsEuroTest" time="0.033" classname="com.test.sogeti.ie.pom.testcases.CheckMyTicketsEuroTest">
    <skipped/>
  </testcase> <!-- CheckMyTicketsEuroTest -->
  <testcase name="CheckMyTicketsEuroTest" time="1.952" classname="com.test.sogeti.ie.pom.testcases.CheckMyTicketsEuroTest">
    <skipped/>
  </testcase> <!-- CheckMyTicketsEuroTest -->
  <testcase name="CheckMyTicketsEuroTest" time="0.028" classname="com.test.sogeti.ie.pom.testcases.CheckMyTicketsEuroTest">
    <skipped/>
  </testcase> <!-- CheckMyTicketsEuroTest -->
</testsuite> <!-- com.test.sogeti.ie.pom.testcases.CheckMyTicketsEuroTest -->
