<?xml version="1.0" encoding="UTF-8"?>
<!-- Generated by org.testng.reporters.JUnitReportReporter -->
<testsuite skipped="3" hostname="DIN35003570" name="com.test.sogeti.ie.pom.testcases.IWG_LockGamesValidationTest" tests="3" failures="0" timestamp="07 Jan 2019 08:18:21 GMT" time="0.069" errors="0">
  <testcase name="IWG_LockGamesValidationTest" time="0.022" classname="com.test.sogeti.ie.pom.testcases.IWG_LockGamesValidationTest">
    <skipped/>
  </testcase> <!-- IWG_LockGamesValidationTest -->
  <testcase name="IWG_LockGamesValidationTest" time="0.022" classname="com.test.sogeti.ie.pom.testcases.IWG_LockGamesValidationTest">
    <skipped/>
  </testcase> <!-- IWG_LockGamesValidationTest -->
  <testcase name="IWG_LockGamesValidationTest" time="0.025" classname="com.test.sogeti.ie.pom.testcases.IWG_LockGamesValidationTest">
    <skipped/>
  </testcase> <!-- IWG_LockGamesValidationTest -->
</testsuite> <!-- com.test.sogeti.ie.pom.testcases.IWG_LockGamesValidationTest -->
