<?xml version="1.0" encoding="UTF-8"?>
<!-- Generated by org.testng.reporters.JUnitReportReporter -->
<testsuite skipped="3" hostname="DIN35003570" name="com.test.sogeti.ie.pom.testcases.WithdrawFundTransferTest" tests="3" failures="0" timestamp="07 Jan 2019 08:18:22 GMT" time="0.088" errors="0">
  <testcase name="WithdrawFundTransferTest" time="0.030" classname="com.test.sogeti.ie.pom.testcases.WithdrawFundTransferTest">
    <skipped/>
  </testcase> <!-- WithdrawFundTransferTest -->
  <testcase name="WithdrawFundTransferTest" time="0.028" classname="com.test.sogeti.ie.pom.testcases.WithdrawFundTransferTest">
    <skipped/>
  </testcase> <!-- WithdrawFundTransferTest -->
  <testcase name="WithdrawFundTransferTest" time="0.030" classname="com.test.sogeti.ie.pom.testcases.WithdrawFundTransferTest">
    <skipped/>
  </testcase> <!-- WithdrawFundTransferTest -->
</testsuite> <!-- com.test.sogeti.ie.pom.testcases.WithdrawFundTransferTest -->
