<?xml version="1.0" encoding="UTF-8"?>
<!-- Generated by org.testng.reporters.JUnitReportReporter -->
<testsuite skipped="10" hostname="DIN35003570" name="com.test.sogeti.ie.pom.testcases.RegisterUserTest" tests="10" failures="0" timestamp="07 Jan 2019 08:18:22 GMT" time="0.273" errors="0">
  <testcase name="RegisterUserTest" time="0.025" classname="com.test.sogeti.ie.pom.testcases.RegisterUserTest">
    <skipped/>
  </testcase> <!-- RegisterUserTest -->
  <testcase name="RegisterUserTest" time="0.026" classname="com.test.sogeti.ie.pom.testcases.RegisterUserTest">
    <skipped/>
  </testcase> <!-- RegisterUserTest -->
  <testcase name="RegisterUserTest" time="0.028" classname="com.test.sogeti.ie.pom.testcases.RegisterUserTest">
    <skipped/>
  </testcase> <!-- RegisterUserTest -->
  <testcase name="RegisterUserTest" time="0.027" classname="com.test.sogeti.ie.pom.testcases.RegisterUserTest">
    <skipped/>
  </testcase> <!-- RegisterUserTest -->
  <testcase name="RegisterUserTest" time="0.028" classname="com.test.sogeti.ie.pom.testcases.RegisterUserTest">
    <skipped/>
  </testcase> <!-- RegisterUserTest -->
  <testcase name="RegisterUserTest" time="0.028" classname="com.test.sogeti.ie.pom.testcases.RegisterUserTest">
    <skipped/>
  </testcase> <!-- RegisterUserTest -->
  <testcase name="RegisterUserTest" time="0.028" classname="com.test.sogeti.ie.pom.testcases.RegisterUserTest">
    <skipped/>
  </testcase> <!-- RegisterUserTest -->
  <testcase name="RegisterUserTest" time="0.027" classname="com.test.sogeti.ie.pom.testcases.RegisterUserTest">
    <skipped/>
  </testcase> <!-- RegisterUserTest -->
  <testcase name="RegisterUserTest" time="0.028" classname="com.test.sogeti.ie.pom.testcases.RegisterUserTest">
    <skipped/>
  </testcase> <!-- RegisterUserTest -->
  <testcase name="RegisterUserTest" time="0.028" classname="com.test.sogeti.ie.pom.testcases.RegisterUserTest">
    <skipped/>
  </testcase> <!-- RegisterUserTest -->
</testsuite> <!-- com.test.sogeti.ie.pom.testcases.RegisterUserTest -->
