<?xml version="1.0" encoding="UTF-8"?>
<!-- Generated by org.testng.reporters.JUnitReportReporter -->
<testsuite skipped="3" hostname="DIN35003570" name="com.test.sogeti.ie.pom.testcases.EuroPlay_SelectNumberTest" tests="3" failures="0" timestamp="07 Jan 2019 08:18:21 GMT" time="0.071" errors="0">
  <testcase name="EuroPlay_SelectNumberTest" time="0.020" classname="com.test.sogeti.ie.pom.testcases.EuroPlay_SelectNumberTest">
    <skipped/>
  </testcase> <!-- EuroPlay_SelectNumberTest -->
  <testcase name="EuroPlay_SelectNumberTest" time="0.025" classname="com.test.sogeti.ie.pom.testcases.EuroPlay_SelectNumberTest">
    <skipped/>
  </testcase> <!-- EuroPlay_SelectNumberTest -->
  <testcase name="EuroPlay_SelectNumberTest" time="0.026" classname="com.test.sogeti.ie.pom.testcases.EuroPlay_SelectNumberTest">
    <skipped/>
  </testcase> <!-- EuroPlay_SelectNumberTest -->
</testsuite> <!-- com.test.sogeti.ie.pom.testcases.EuroPlay_SelectNumberTest -->
