<?xml version="1.0" encoding="UTF-8"?>
<!-- Generated by org.testng.reporters.JUnitReportReporter -->
<testsuite skipped="2" hostname="DIN35003570" name="com.test.sogeti.ie.pom.testcases.CheckMyTicketMillionaireRaffleTest" tests="2" failures="0" timestamp="07 Jan 2019 08:18:22 GMT" time="0.072" errors="0">
  <testcase name="CheckMyTicketMillionaireRaffleTest" time="0.026" classname="com.test.sogeti.ie.pom.testcases.CheckMyTicketMillionaireRaffleTest">
    <skipped/>
  </testcase> <!-- CheckMyTicketMillionaireRaffleTest -->
  <testcase name="CheckMyTicketMillionaireRaffleTest" time="0.046" classname="com.test.sogeti.ie.pom.testcases.CheckMyTicketMillionaireRaffleTest">
    <skipped/>
  </testcase> <!-- CheckMyTicketMillionaireRaffleTest -->
</testsuite> <!-- com.test.sogeti.ie.pom.testcases.CheckMyTicketMillionaireRaffleTest -->
