<?xml version="1.0" encoding="UTF-8"?>
<!-- Generated by org.testng.reporters.JUnitReportReporter -->
<testsuite skipped="6" hostname="DIN35003570" name="com.test.sogeti.ie.pom.testcases.CheckMyTicketsDailyMillionTest" tests="6" failures="0" timestamp="07 Jan 2019 08:18:22 GMT" time="0.189" errors="0">
  <testcase name="CheckMyTicketsDailyMillionTest" time="0.038" classname="com.test.sogeti.ie.pom.testcases.CheckMyTicketsDailyMillionTest">
    <skipped/>
  </testcase> <!-- CheckMyTicketsDailyMillionTest -->
  <testcase name="CheckMyTicketsDailyMillionTest" time="0.022" classname="com.test.sogeti.ie.pom.testcases.CheckMyTicketsDailyMillionTest">
    <skipped/>
  </testcase> <!-- CheckMyTicketsDailyMillionTest -->
  <testcase name="CheckMyTicketsDailyMillionTest" time="0.027" classname="com.test.sogeti.ie.pom.testcases.CheckMyTicketsDailyMillionTest">
    <skipped/>
  </testcase> <!-- CheckMyTicketsDailyMillionTest -->
  <testcase name="CheckMyTicketsDailyMillionTest" time="0.037" classname="com.test.sogeti.ie.pom.testcases.CheckMyTicketsDailyMillionTest">
    <skipped/>
  </testcase> <!-- CheckMyTicketsDailyMillionTest -->
  <testcase name="CheckMyTicketsDailyMillionTest" time="0.037" classname="com.test.sogeti.ie.pom.testcases.CheckMyTicketsDailyMillionTest">
    <skipped/>
  </testcase> <!-- CheckMyTicketsDailyMillionTest -->
  <testcase name="CheckMyTicketsDailyMillionTest" time="0.028" classname="com.test.sogeti.ie.pom.testcases.CheckMyTicketsDailyMillionTest">
    <skipped/>
  </testcase> <!-- CheckMyTicketsDailyMillionTest -->
</testsuite> <!-- com.test.sogeti.ie.pom.testcases.CheckMyTicketsDailyMillionTest -->
