<?xml version="1.0" encoding="UTF-8"?>
<!-- Generated by org.testng.reporters.JUnitReportReporter -->
<testsuite skipped="3" hostname="DIN35003570" name="com.test.sogeti.ie.pom.testcases.DailyMillionPlay_NonLoggedInUser_QuickPickTest" tests="3" failures="0" timestamp="07 Jan 2019 08:18:22 GMT" time="0.064" errors="0">
  <testcase name="DailyMillionPlay_NonLoggedInUser_QuickPickTest" time="0.022" classname="com.test.sogeti.ie.pom.testcases.DailyMillionPlay_NonLoggedInUser_QuickPickTest">
    <skipped/>
  </testcase> <!-- DailyMillionPlay_NonLoggedInUser_QuickPickTest -->
  <testcase name="DailyMillionPlay_NonLoggedInUser_QuickPickTest" time="0.021" classname="com.test.sogeti.ie.pom.testcases.DailyMillionPlay_NonLoggedInUser_QuickPickTest">
    <skipped/>
  </testcase> <!-- DailyMillionPlay_NonLoggedInUser_QuickPickTest -->
  <testcase name="DailyMillionPlay_NonLoggedInUser_QuickPickTest" time="0.021" classname="com.test.sogeti.ie.pom.testcases.DailyMillionPlay_NonLoggedInUser_QuickPickTest">
    <skipped/>
  </testcase> <!-- DailyMillionPlay_NonLoggedInUser_QuickPickTest -->
</testsuite> <!-- com.test.sogeti.ie.pom.testcases.DailyMillionPlay_NonLoggedInUser_QuickPickTest -->
