<?xml version="1.0" encoding="UTF-8"?>
<!-- Generated by org.testng.reporters.JUnitReportReporter -->
<testsuite skipped="5" hostname="DIN35003570" name="com.test.sogeti.ie.pom.testcases.EuroPlay_QuickPickTest" tests="5" failures="0" timestamp="07 Jan 2019 08:18:22 GMT" time="0.115" errors="0">
  <testcase name="EuroPlay_QuickPickTest" time="0.022" classname="com.test.sogeti.ie.pom.testcases.EuroPlay_QuickPickTest">
    <skipped/>
  </testcase> <!-- EuroPlay_QuickPickTest -->
  <testcase name="EuroPlay_QuickPickTest" time="0.026" classname="com.test.sogeti.ie.pom.testcases.EuroPlay_QuickPickTest">
    <skipped/>
  </testcase> <!-- EuroPlay_QuickPickTest -->
  <testcase name="EuroPlay_QuickPickTest" time="0.021" classname="com.test.sogeti.ie.pom.testcases.EuroPlay_QuickPickTest">
    <skipped/>
  </testcase> <!-- EuroPlay_QuickPickTest -->
  <testcase name="EuroPlay_QuickPickTest" time="0.023" classname="com.test.sogeti.ie.pom.testcases.EuroPlay_QuickPickTest">
    <skipped/>
  </testcase> <!-- EuroPlay_QuickPickTest -->
  <testcase name="EuroPlay_QuickPickTest" time="0.023" classname="com.test.sogeti.ie.pom.testcases.EuroPlay_QuickPickTest">
    <skipped/>
  </testcase> <!-- EuroPlay_QuickPickTest -->
</testsuite> <!-- com.test.sogeti.ie.pom.testcases.EuroPlay_QuickPickTest -->
