<?xml version="1.0" encoding="UTF-8"?>
<!-- Generated by org.testng.reporters.JUnitReportReporter -->
<testsuite skipped="3" hostname="DIN35003570" name="com.test.sogeti.ie.pom.testcases.PLIApp_UpdateCardDetailsTest" tests="3" failures="0" timestamp="07 Jan 2019 08:18:22 GMT" time="9.120" errors="0">
  <testcase name="PLIApp_UpdateCardDetailsTest" time="3.047" classname="com.test.sogeti.ie.pom.testcases.PLIApp_UpdateCardDetailsTest">
    <skipped/>
  </testcase> <!-- PLIApp_UpdateCardDetailsTest -->
  <testcase name="PLIApp_UpdateCardDetailsTest" time="3.041" classname="com.test.sogeti.ie.pom.testcases.PLIApp_UpdateCardDetailsTest">
    <skipped/>
  </testcase> <!-- PLIApp_UpdateCardDetailsTest -->
  <testcase name="PLIApp_UpdateCardDetailsTest" time="3.032" classname="com.test.sogeti.ie.pom.testcases.PLIApp_UpdateCardDetailsTest">
    <skipped/>
  </testcase> <!-- PLIApp_UpdateCardDetailsTest -->
</testsuite> <!-- com.test.sogeti.ie.pom.testcases.PLIApp_UpdateCardDetailsTest -->
