<?xml version="1.0" encoding="UTF-8"?>
<!-- Generated by org.testng.reporters.JUnitReportReporter -->
<testsuite skipped="3" hostname="DIN35003570" name="com.test.sogeti.ie.pom.testcases.NonLoggedInUser_PlayMillionaireRaffleTest" tests="3" failures="0" timestamp="07 Jan 2019 08:18:21 GMT" time="0.076" errors="0">
  <testcase name="NonLoggedInUser_PlayMillionaireRaffleTest" time="0.024" classname="com.test.sogeti.ie.pom.testcases.NonLoggedInUser_PlayMillionaireRaffleTest">
    <skipped/>
  </testcase> <!-- NonLoggedInUser_PlayMillionaireRaffleTest -->
  <testcase name="NonLoggedInUser_PlayMillionaireRaffleTest" time="0.027" classname="com.test.sogeti.ie.pom.testcases.NonLoggedInUser_PlayMillionaireRaffleTest">
    <skipped/>
  </testcase> <!-- NonLoggedInUser_PlayMillionaireRaffleTest -->
  <testcase name="NonLoggedInUser_PlayMillionaireRaffleTest" time="0.025" classname="com.test.sogeti.ie.pom.testcases.NonLoggedInUser_PlayMillionaireRaffleTest">
    <skipped/>
  </testcase> <!-- NonLoggedInUser_PlayMillionaireRaffleTest -->
</testsuite> <!-- com.test.sogeti.ie.pom.testcases.NonLoggedInUser_PlayMillionaireRaffleTest -->
