<?xml version="1.0" encoding="UTF-8"?>
<!-- Generated by org.testng.reporters.JUnitReportReporter -->
<testsuite skipped="3" hostname="DIN35003570" name="com.test.sogeti.ie.pom.testcases.PLIAppAddFundTransfer_BrowserTest" tests="3" failures="0" timestamp="07 Jan 2019 08:18:21 GMT" time="45.163" errors="0">
  <testcase name="PLIAppFundTransfer_BrowserTest" time="15.053" classname="com.test.sogeti.ie.pom.testcases.PLIAppAddFundTransfer_BrowserTest">
    <skipped/>
  </testcase> <!-- PLIAppFundTransfer_BrowserTest -->
  <testcase name="PLIAppFundTransfer_BrowserTest" time="15.049" classname="com.test.sogeti.ie.pom.testcases.PLIAppAddFundTransfer_BrowserTest">
    <skipped/>
  </testcase> <!-- PLIAppFundTransfer_BrowserTest -->
  <testcase name="PLIAppFundTransfer_BrowserTest" time="15.061" classname="com.test.sogeti.ie.pom.testcases.PLIAppAddFundTransfer_BrowserTest">
    <skipped/>
  </testcase> <!-- PLIAppFundTransfer_BrowserTest -->
</testsuite> <!-- com.test.sogeti.ie.pom.testcases.PLIAppAddFundTransfer_BrowserTest -->
