<?xml version="1.0" encoding="UTF-8"?>
<!-- Generated by org.testng.reporters.JUnitReportReporter -->
<testsuite skipped="3" hostname="DIN35003570" name="com.test.sogeti.ie.pom.testcases.CSSMLoginTest" tests="3" failures="0" timestamp="07 Jan 2019 08:18:21 GMT" time="0.090" errors="0">
  <testcase name="doLogin" time="0.035" classname="com.test.sogeti.ie.pom.testcases.CSSMLoginTest">
    <skipped/>
  </testcase> <!-- doLogin -->
  <testcase name="doLogin" time="0.027" classname="com.test.sogeti.ie.pom.testcases.CSSMLoginTest">
    <skipped/>
  </testcase> <!-- doLogin -->
  <testcase name="doLogin" time="0.028" classname="com.test.sogeti.ie.pom.testcases.CSSMLoginTest">
    <skipped/>
  </testcase> <!-- doLogin -->
</testsuite> <!-- com.test.sogeti.ie.pom.testcases.CSSMLoginTest -->
