<?xml version="1.0" encoding="UTF-8"?>
<!-- Generated by org.testng.reporters.JUnitReportReporter -->
<testsuite skipped="3" hostname="DIN35003570" name="com.test.sogeti.ie.pom.testcases.IWG_MoneyMultipliersDigital20X_NonLoggedinUser_TryNowTest" tests="3" failures="0" timestamp="07 Jan 2019 08:18:22 GMT" time="0.075" errors="0">
  <testcase name="IWG_MoneyMultipliersDigital20X_NonLoggedinUser_TryNowTest" time="0.022" classname="com.test.sogeti.ie.pom.testcases.IWG_MoneyMultipliersDigital20X_NonLoggedinUser_TryNowTest">
    <skipped/>
  </testcase> <!-- IWG_MoneyMultipliersDigital20X_NonLoggedinUser_TryNowTest -->
  <testcase name="IWG_MoneyMultipliersDigital20X_NonLoggedinUser_TryNowTest" time="0.030" classname="com.test.sogeti.ie.pom.testcases.IWG_MoneyMultipliersDigital20X_NonLoggedinUser_TryNowTest">
    <skipped/>
  </testcase> <!-- IWG_MoneyMultipliersDigital20X_NonLoggedinUser_TryNowTest -->
  <testcase name="IWG_MoneyMultipliersDigital20X_NonLoggedinUser_TryNowTest" time="0.023" classname="com.test.sogeti.ie.pom.testcases.IWG_MoneyMultipliersDigital20X_NonLoggedinUser_TryNowTest">
    <skipped/>
  </testcase> <!-- IWG_MoneyMultipliersDigital20X_NonLoggedinUser_TryNowTest -->
</testsuite> <!-- com.test.sogeti.ie.pom.testcases.IWG_MoneyMultipliersDigital20X_NonLoggedinUser_TryNowTest -->
