<?xml version="1.0" encoding="UTF-8"?>
<!-- Generated by org.testng.reporters.JUnitReportReporter -->
<testsuite skipped="2" hostname="DIN35003570" name="com.test.sogeti.ie.pom.testcases.PLIAppLogIn_BrowserTest" tests="3" failures="0" timestamp="07 Jan 2019 08:18:22 GMT" time="310.443" errors="0">
  <testcase name="PLIAppLogIn_BrowserTest" time="62.798" classname="com.test.sogeti.ie.pom.testcases.PLIAppLogIn_BrowserTest">
    <skipped/>
  </testcase> <!-- PLIAppLogIn_BrowserTest -->
  <testcase name="PLIAppLogIn_BrowserTest" time="187.604" classname="com.test.sogeti.ie.pom.testcases.PLIAppLogIn_BrowserTest"/>
  <testcase name="PLIAppLogIn_BrowserTest" time="60.041" classname="com.test.sogeti.ie.pom.testcases.PLIAppLogIn_BrowserTest">
    <skipped/>
  </testcase> <!-- PLIAppLogIn_BrowserTest -->
</testsuite> <!-- com.test.sogeti.ie.pom.testcases.PLIAppLogIn_BrowserTest -->
