<?xml version="1.0" encoding="UTF-8"?>
<!-- Generated by org.testng.reporters.JUnitReportReporter -->
<testsuite skipped="3" hostname="DIN35003570" name="com.test.sogeti.ie.pom.testcases.PLI_ChangeLogInHintTest" tests="3" failures="0" timestamp="07 Jan 2019 08:18:22 GMT" time="0.081" errors="0">
  <testcase name="PLI_ChangeLogInHintTest" time="0.026" classname="com.test.sogeti.ie.pom.testcases.PLI_ChangeLogInHintTest">
    <skipped/>
  </testcase> <!-- PLI_ChangeLogInHintTest -->
  <testcase name="PLI_ChangeLogInHintTest" time="0.026" classname="com.test.sogeti.ie.pom.testcases.PLI_ChangeLogInHintTest">
    <skipped/>
  </testcase> <!-- PLI_ChangeLogInHintTest -->
  <testcase name="PLI_ChangeLogInHintTest" time="0.029" classname="com.test.sogeti.ie.pom.testcases.PLI_ChangeLogInHintTest">
    <skipped/>
  </testcase> <!-- PLI_ChangeLogInHintTest -->
</testsuite> <!-- com.test.sogeti.ie.pom.testcases.PLI_ChangeLogInHintTest -->
