<?xml version="1.0" encoding="UTF-8"?>
<!-- Generated by org.testng.reporters.JUnitReportReporter -->
<testsuite skipped="3" hostname="DIN35003570" name="com.test.sogeti.ie.pom.testcases.DailyMillionPlay_CancelSelectNumberTest" tests="3" failures="0" timestamp="07 Jan 2019 08:18:22 GMT" time="0.101" errors="0">
  <testcase name="DailyMillionPlay_CancelSelectNumberTest" time="0.033" classname="com.test.sogeti.ie.pom.testcases.DailyMillionPlay_CancelSelectNumberTest">
    <skipped/>
  </testcase> <!-- DailyMillionPlay_CancelSelectNumberTest -->
  <testcase name="DailyMillionPlay_CancelSelectNumberTest" time="0.035" classname="com.test.sogeti.ie.pom.testcases.DailyMillionPlay_CancelSelectNumberTest">
    <skipped/>
  </testcase> <!-- DailyMillionPlay_CancelSelectNumberTest -->
  <testcase name="DailyMillionPlay_CancelSelectNumberTest" time="0.033" classname="com.test.sogeti.ie.pom.testcases.DailyMillionPlay_CancelSelectNumberTest">
    <skipped/>
  </testcase> <!-- DailyMillionPlay_CancelSelectNumberTest -->
</testsuite> <!-- com.test.sogeti.ie.pom.testcases.DailyMillionPlay_CancelSelectNumberTest -->
