<?xml version="1.0" encoding="UTF-8"?>
<!-- Generated by org.testng.reporters.JUnitReportReporter -->
<testsuite skipped="3" hostname="DIN35003570" name="com.test.sogeti.ie.pom.testcases.DailyMillionPlay_DuplicateSelectNumberTest" tests="3" failures="0" timestamp="07 Jan 2019 08:18:22 GMT" time="0.073" errors="0">
  <testcase name="DailyMillionPlay_DuplicateSelectNumberTest" time="0.022" classname="com.test.sogeti.ie.pom.testcases.DailyMillionPlay_DuplicateSelectNumberTest">
    <skipped/>
  </testcase> <!-- DailyMillionPlay_DuplicateSelectNumberTest -->
  <testcase name="DailyMillionPlay_DuplicateSelectNumberTest" time="0.026" classname="com.test.sogeti.ie.pom.testcases.DailyMillionPlay_DuplicateSelectNumberTest">
    <skipped/>
  </testcase> <!-- DailyMillionPlay_DuplicateSelectNumberTest -->
  <testcase name="DailyMillionPlay_DuplicateSelectNumberTest" time="0.025" classname="com.test.sogeti.ie.pom.testcases.DailyMillionPlay_DuplicateSelectNumberTest">
    <skipped/>
  </testcase> <!-- DailyMillionPlay_DuplicateSelectNumberTest -->
</testsuite> <!-- com.test.sogeti.ie.pom.testcases.DailyMillionPlay_DuplicateSelectNumberTest -->
