<?xml version="1.0" encoding="UTF-8"?>
<!-- Generated by org.testng.reporters.JUnitReportReporter -->
<testsuite skipped="3" hostname="DIN35003570" name="com.test.sogeti.ie.pom.testcases.UpdateCardDetailsTest" tests="3" failures="0" timestamp="07 Jan 2019 08:18:22 GMT" time="0.085" errors="0">
  <testcase name="UpdateCardDetailsTest" time="0.024" classname="com.test.sogeti.ie.pom.testcases.UpdateCardDetailsTest">
    <skipped/>
  </testcase> <!-- UpdateCardDetailsTest -->
  <testcase name="UpdateCardDetailsTest" time="0.030" classname="com.test.sogeti.ie.pom.testcases.UpdateCardDetailsTest">
    <skipped/>
  </testcase> <!-- UpdateCardDetailsTest -->
  <testcase name="UpdateCardDetailsTest" time="0.031" classname="com.test.sogeti.ie.pom.testcases.UpdateCardDetailsTest">
    <skipped/>
  </testcase> <!-- UpdateCardDetailsTest -->
</testsuite> <!-- com.test.sogeti.ie.pom.testcases.UpdateCardDetailsTest -->
