<?xml version="1.0" encoding="UTF-8"?>
<!-- Generated by org.testng.reporters.JUnitReportReporter -->
<testsuite skipped="5" hostname="DIN35003570" name="com.test.sogeti.ie.pom.testcases.PLIAppRegistration_BrowserTest" tests="5" failures="0" timestamp="07 Jan 2019 08:18:22 GMT" time="75.231" errors="0">
  <testcase name="PLIAppRegistration_BrowserTest" time="15.048" classname="com.test.sogeti.ie.pom.testcases.PLIAppRegistration_BrowserTest">
    <skipped/>
  </testcase> <!-- PLIAppRegistration_BrowserTest -->
  <testcase name="PLIAppRegistration_BrowserTest" time="15.044" classname="com.test.sogeti.ie.pom.testcases.PLIAppRegistration_BrowserTest">
    <skipped/>
  </testcase> <!-- PLIAppRegistration_BrowserTest -->
  <testcase name="PLIAppRegistration_BrowserTest" time="15.033" classname="com.test.sogeti.ie.pom.testcases.PLIAppRegistration_BrowserTest">
    <skipped/>
  </testcase> <!-- PLIAppRegistration_BrowserTest -->
  <testcase name="PLIAppRegistration_BrowserTest" time="15.052" classname="com.test.sogeti.ie.pom.testcases.PLIAppRegistration_BrowserTest">
    <skipped/>
  </testcase> <!-- PLIAppRegistration_BrowserTest -->
  <testcase name="PLIAppRegistration_BrowserTest" time="15.054" classname="com.test.sogeti.ie.pom.testcases.PLIAppRegistration_BrowserTest">
    <skipped/>
  </testcase> <!-- PLIAppRegistration_BrowserTest -->
</testsuite> <!-- com.test.sogeti.ie.pom.testcases.PLIAppRegistration_BrowserTest -->
