<?xml version="1.0" encoding="UTF-8"?>
<!-- Generated by org.testng.reporters.JUnitReportReporter -->
<testsuite skipped="3" hostname="DIN35003570" name="com.test.sogeti.ie.pom.testcases.PLI_ChangePasswordTest" tests="3" failures="0" timestamp="07 Jan 2019 08:18:22 GMT" time="0.089" errors="0">
  <testcase name="PLI_ChangePasswordTest" time="0.036" classname="com.test.sogeti.ie.pom.testcases.PLI_ChangePasswordTest">
    <skipped/>
  </testcase> <!-- PLI_ChangePasswordTest -->
  <testcase name="PLI_ChangePasswordTest" time="0.027" classname="com.test.sogeti.ie.pom.testcases.PLI_ChangePasswordTest">
    <skipped/>
  </testcase> <!-- PLI_ChangePasswordTest -->
  <testcase name="PLI_ChangePasswordTest" time="0.026" classname="com.test.sogeti.ie.pom.testcases.PLI_ChangePasswordTest">
    <skipped/>
  </testcase> <!-- PLI_ChangePasswordTest -->
</testsuite> <!-- com.test.sogeti.ie.pom.testcases.PLI_ChangePasswordTest -->
