<?xml version="1.0" encoding="UTF-8"?>
<!-- Generated by org.testng.reporters.JUnitReportReporter -->
<testsuite skipped="6" hostname="DIN35003570" name="com.test.sogeti.ie.pom.testcases.E2E_DBG_PLITest" tests="6" failures="0" timestamp="07 Jan 2019 08:18:22 GMT" time="0.136" errors="0">
  <testcase name="LottoPlay_SelectNumberTest" time="0.024" classname="com.test.sogeti.ie.pom.testcases.E2E_DBG_PLITest">
    <skipped/>
  </testcase> <!-- LottoPlay_SelectNumberTest -->
  <testcase name="LottoPlay_SelectNumberTest" time="0.025" classname="com.test.sogeti.ie.pom.testcases.E2E_DBG_PLITest">
    <skipped/>
  </testcase> <!-- LottoPlay_SelectNumberTest -->
  <testcase name="LottoPlay_SelectNumberTest" time="0.022" classname="com.test.sogeti.ie.pom.testcases.E2E_DBG_PLITest">
    <skipped/>
  </testcase> <!-- LottoPlay_SelectNumberTest -->
  <testcase name="LottoPlay_SelectNumberTest" time="0.022" classname="com.test.sogeti.ie.pom.testcases.E2E_DBG_PLITest">
    <skipped/>
  </testcase> <!-- LottoPlay_SelectNumberTest -->
  <testcase name="LottoPlay_SelectNumberTest" time="0.022" classname="com.test.sogeti.ie.pom.testcases.E2E_DBG_PLITest">
    <skipped/>
  </testcase> <!-- LottoPlay_SelectNumberTest -->
  <testcase name="LottoPlay_SelectNumberTest" time="0.021" classname="com.test.sogeti.ie.pom.testcases.E2E_DBG_PLITest">
    <skipped/>
  </testcase> <!-- LottoPlay_SelectNumberTest -->
</testsuite> <!-- com.test.sogeti.ie.pom.testcases.E2E_DBG_PLITest -->
