<?xml version="1.0" encoding="UTF-8"?>
<!-- Generated by org.testng.reporters.JUnitReportReporter -->
<testsuite skipped="6" hostname="DIN35003570" name="com.test.sogeti.ie.pom.testcases.MillionaireRaffleViewResultsTest" tests="6" failures="0" timestamp="07 Jan 2019 08:18:22 GMT" time="0.153" errors="0">
  <testcase name="MillionaireRaffleViewResultsTest" time="0.024" classname="com.test.sogeti.ie.pom.testcases.MillionaireRaffleViewResultsTest">
    <skipped/>
  </testcase> <!-- MillionaireRaffleViewResultsTest -->
  <testcase name="MillionaireRaffleViewResultsTest" time="0.027" classname="com.test.sogeti.ie.pom.testcases.MillionaireRaffleViewResultsTest">
    <skipped/>
  </testcase> <!-- MillionaireRaffleViewResultsTest -->
  <testcase name="MillionaireRaffleViewResultsTest" time="0.028" classname="com.test.sogeti.ie.pom.testcases.MillionaireRaffleViewResultsTest">
    <skipped/>
  </testcase> <!-- MillionaireRaffleViewResultsTest -->
  <testcase name="MillionaireRaffleViewResultsTest" time="0.024" classname="com.test.sogeti.ie.pom.testcases.MillionaireRaffleViewResultsTest">
    <skipped/>
  </testcase> <!-- MillionaireRaffleViewResultsTest -->
  <testcase name="MillionaireRaffleViewResultsTest" time="0.026" classname="com.test.sogeti.ie.pom.testcases.MillionaireRaffleViewResultsTest">
    <skipped/>
  </testcase> <!-- MillionaireRaffleViewResultsTest -->
  <testcase name="MillionaireRaffleViewResultsTest" time="0.024" classname="com.test.sogeti.ie.pom.testcases.MillionaireRaffleViewResultsTest">
    <skipped/>
  </testcase> <!-- MillionaireRaffleViewResultsTest -->
</testsuite> <!-- com.test.sogeti.ie.pom.testcases.MillionaireRaffleViewResultsTest -->
