<?xml version="1.0" encoding="UTF-8"?>
<!-- Generated by org.testng.reporters.JUnitReportReporter -->
<testsuite skipped="3" hostname="DIN35003570" name="com.test.sogeti.ie.pom.testcases.MyWallet_SpendingLimitsTest" tests="3" failures="0" timestamp="07 Jan 2019 08:18:22 GMT" time="0.078" errors="0">
  <testcase name="MyWallet_SpendingLimitsTest" time="0.028" classname="com.test.sogeti.ie.pom.testcases.MyWallet_SpendingLimitsTest">
    <skipped/>
  </testcase> <!-- MyWallet_SpendingLimitsTest -->
  <testcase name="MyWallet_SpendingLimitsTest" time="0.025" classname="com.test.sogeti.ie.pom.testcases.MyWallet_SpendingLimitsTest">
    <skipped/>
  </testcase> <!-- MyWallet_SpendingLimitsTest -->
  <testcase name="MyWallet_SpendingLimitsTest" time="0.025" classname="com.test.sogeti.ie.pom.testcases.MyWallet_SpendingLimitsTest">
    <skipped/>
  </testcase> <!-- MyWallet_SpendingLimitsTest -->
</testsuite> <!-- com.test.sogeti.ie.pom.testcases.MyWallet_SpendingLimitsTest -->
