<?xml version="1.0" encoding="UTF-8"?>
<!-- Generated by org.testng.reporters.JUnitReportReporter -->
<testsuite skipped="3" hostname="DIN35003570" name="com.test.sogeti.ie.pom.testcases.PLIApp_Mobile_DailyMillionPlay_QuickPickTest" tests="3" failures="0" timestamp="07 Jan 2019 08:18:22 GMT" time="30.137" errors="0">
  <testcase name="PLIApp_Mobile_DailyMillionPlay_QuickPickTest" time="10.043" classname="com.test.sogeti.ie.pom.testcases.PLIApp_Mobile_DailyMillionPlay_QuickPickTest">
    <skipped/>
  </testcase> <!-- PLIApp_Mobile_DailyMillionPlay_QuickPickTest -->
  <testcase name="PLIApp_Mobile_DailyMillionPlay_QuickPickTest" time="10.053" classname="com.test.sogeti.ie.pom.testcases.PLIApp_Mobile_DailyMillionPlay_QuickPickTest">
    <skipped/>
  </testcase> <!-- PLIApp_Mobile_DailyMillionPlay_QuickPickTest -->
  <testcase name="PLIApp_Mobile_DailyMillionPlay_QuickPickTest" time="10.041" classname="com.test.sogeti.ie.pom.testcases.PLIApp_Mobile_DailyMillionPlay_QuickPickTest">
    <skipped/>
  </testcase> <!-- PLIApp_Mobile_DailyMillionPlay_QuickPickTest -->
</testsuite> <!-- com.test.sogeti.ie.pom.testcases.PLIApp_Mobile_DailyMillionPlay_QuickPickTest -->
