<?xml version="1.0" encoding="UTF-8"?>
<!-- Generated by org.testng.reporters.JUnitReportReporter -->
<testsuite skipped="3" hostname="DIN35003570" name="com.test.sogeti.ie.pom.testcases.DailyMillionPlay_ResetTest" tests="3" failures="0" timestamp="07 Jan 2019 08:18:22 GMT" time="0.086" errors="0">
  <testcase name="DailyMillionPlay_ResetTest" time="0.038" classname="com.test.sogeti.ie.pom.testcases.DailyMillionPlay_ResetTest">
    <skipped/>
  </testcase> <!-- DailyMillionPlay_ResetTest -->
  <testcase name="DailyMillionPlay_ResetTest" time="0.023" classname="com.test.sogeti.ie.pom.testcases.DailyMillionPlay_ResetTest">
    <skipped/>
  </testcase> <!-- DailyMillionPlay_ResetTest -->
  <testcase name="DailyMillionPlay_ResetTest" time="0.025" classname="com.test.sogeti.ie.pom.testcases.DailyMillionPlay_ResetTest">
    <skipped/>
  </testcase> <!-- DailyMillionPlay_ResetTest -->
</testsuite> <!-- com.test.sogeti.ie.pom.testcases.DailyMillionPlay_ResetTest -->
