<?xml version="1.0" encoding="UTF-8"?>
<!-- Generated by org.testng.reporters.JUnitReportReporter -->
<testsuite skipped="3" hostname="DIN35003570" name="com.test.sogeti.ie.pom.testcases.PLI_ChangePasswordValidationTest" tests="3" failures="0" timestamp="07 Jan 2019 08:18:21 GMT" time="0.081" errors="0">
  <testcase name="PLI_ChangePasswordValidationTest" time="0.028" classname="com.test.sogeti.ie.pom.testcases.PLI_ChangePasswordValidationTest">
    <skipped/>
  </testcase> <!-- PLI_ChangePasswordValidationTest -->
  <testcase name="PLI_ChangePasswordValidationTest" time="0.027" classname="com.test.sogeti.ie.pom.testcases.PLI_ChangePasswordValidationTest">
    <skipped/>
  </testcase> <!-- PLI_ChangePasswordValidationTest -->
  <testcase name="PLI_ChangePasswordValidationTest" time="0.026" classname="com.test.sogeti.ie.pom.testcases.PLI_ChangePasswordValidationTest">
    <skipped/>
  </testcase> <!-- PLI_ChangePasswordValidationTest -->
</testsuite> <!-- com.test.sogeti.ie.pom.testcases.PLI_ChangePasswordValidationTest -->
