<?xml version="1.0" encoding="UTF-8"?>
<!-- Generated by org.testng.reporters.JUnitReportReporter -->
<testsuite skipped="3" hostname="DIN35003570" name="com.test.sogeti.ie.pom.testcases.LoginTest" tests="3" failures="0" timestamp="07 Jan 2019 08:18:21 GMT" time="0.068" errors="0">
  <testcase name="doLogin" time="0.024" classname="com.test.sogeti.ie.pom.testcases.LoginTest">
    <skipped/>
  </testcase> <!-- doLogin -->
  <testcase name="doLogin" time="0.023" classname="com.test.sogeti.ie.pom.testcases.LoginTest">
    <skipped/>
  </testcase> <!-- doLogin -->
  <testcase name="doLogin" time="0.021" classname="com.test.sogeti.ie.pom.testcases.LoginTest">
    <skipped/>
  </testcase> <!-- doLogin -->
</testsuite> <!-- com.test.sogeti.ie.pom.testcases.LoginTest -->
