<?xml version="1.0" encoding="UTF-8"?>
<!-- Generated by org.testng.reporters.JUnitReportReporter -->
<testsuite skipped="0" hostname="akhila.local" name="com.test.dcx.ie.pom.testcases.CelcomeApp_LoginTest" tests="1" failures="0" timestamp="30 Jan 2019 14:18:30 GMT" time="139.124" errors="0">
  <testcase name="CelcomeApp_LoginTest" time="139.124" classname="com.test.dcx.ie.pom.testcases.CelcomeApp_LoginTest"/>
</testsuite> <!-- com.test.dcx.ie.pom.testcases.CelcomeApp_LoginTest -->
