<?xml version="1.0" encoding="UTF-8"?>
<!-- Generated by org.testng.reporters.JUnitReportReporter -->
<testsuite skipped="5" hostname="DIN35003570" name="com.test.sogeti.ie.pom.testcases.CheckMyTicketsLottoTest" tests="5" failures="0" timestamp="07 Jan 2019 08:18:22 GMT" time="0.138" errors="0">
  <testcase name="CheckMyTicketsLottoTest" time="0.024" classname="com.test.sogeti.ie.pom.testcases.CheckMyTicketsLottoTest">
    <skipped/>
  </testcase> <!-- CheckMyTicketsLottoTest -->
  <testcase name="CheckMyTicketsLottoTest" time="0.032" classname="com.test.sogeti.ie.pom.testcases.CheckMyTicketsLottoTest">
    <skipped/>
  </testcase> <!-- CheckMyTicketsLottoTest -->
  <testcase name="CheckMyTicketsLottoTest" time="0.027" classname="com.test.sogeti.ie.pom.testcases.CheckMyTicketsLottoTest">
    <skipped/>
  </testcase> <!-- CheckMyTicketsLottoTest -->
  <testcase name="CheckMyTicketsLottoTest" time="0.025" classname="com.test.sogeti.ie.pom.testcases.CheckMyTicketsLottoTest">
    <skipped/>
  </testcase> <!-- CheckMyTicketsLottoTest -->
  <testcase name="CheckMyTicketsLottoTest" time="0.030" classname="com.test.sogeti.ie.pom.testcases.CheckMyTicketsLottoTest">
    <skipped/>
  </testcase> <!-- CheckMyTicketsLottoTest -->
</testsuite> <!-- com.test.sogeti.ie.pom.testcases.CheckMyTicketsLottoTest -->
