<?xml version="1.0" encoding="UTF-8"?>
<!-- Generated by org.testng.reporters.JUnitReportReporter -->
<testsuite skipped="6" hostname="DIN35003570" name="com.test.sogeti.ie.pom.testcases.Lotto54321ViewResultsTest" tests="6" failures="0" timestamp="07 Jan 2019 08:18:22 GMT" time="0.143" errors="0">
  <testcase name="Lotto54321ViewResultsTest" time="0.023" classname="com.test.sogeti.ie.pom.testcases.Lotto54321ViewResultsTest">
    <skipped/>
  </testcase> <!-- Lotto54321ViewResultsTest -->
  <testcase name="Lotto54321ViewResultsTest" time="0.023" classname="com.test.sogeti.ie.pom.testcases.Lotto54321ViewResultsTest">
    <skipped/>
  </testcase> <!-- Lotto54321ViewResultsTest -->
  <testcase name="Lotto54321ViewResultsTest" time="0.026" classname="com.test.sogeti.ie.pom.testcases.Lotto54321ViewResultsTest">
    <skipped/>
  </testcase> <!-- Lotto54321ViewResultsTest -->
  <testcase name="Lotto54321ViewResultsTest" time="0.025" classname="com.test.sogeti.ie.pom.testcases.Lotto54321ViewResultsTest">
    <skipped/>
  </testcase> <!-- Lotto54321ViewResultsTest -->
  <testcase name="Lotto54321ViewResultsTest" time="0.023" classname="com.test.sogeti.ie.pom.testcases.Lotto54321ViewResultsTest">
    <skipped/>
  </testcase> <!-- Lotto54321ViewResultsTest -->
  <testcase name="Lotto54321ViewResultsTest" time="0.023" classname="com.test.sogeti.ie.pom.testcases.Lotto54321ViewResultsTest">
    <skipped/>
  </testcase> <!-- Lotto54321ViewResultsTest -->
</testsuite> <!-- com.test.sogeti.ie.pom.testcases.Lotto54321ViewResultsTest -->
