<?xml version="1.0" encoding="UTF-8"?>
<!-- Generated by org.testng.reporters.JUnitReportReporter -->
<testsuite skipped="3" hostname="DIN35003570" name="com.test.sogeti.ie.pom.testcases.LottoPlay_QuickPickTest" tests="3" failures="0" timestamp="07 Jan 2019 08:18:22 GMT" time="0.083" errors="0">
  <testcase name="LottoPlay_QuickPickTest" time="0.024" classname="com.test.sogeti.ie.pom.testcases.LottoPlay_QuickPickTest">
    <skipped/>
  </testcase> <!-- LottoPlay_QuickPickTest -->
  <testcase name="LottoPlay_QuickPickTest" time="0.032" classname="com.test.sogeti.ie.pom.testcases.LottoPlay_QuickPickTest">
    <skipped/>
  </testcase> <!-- LottoPlay_QuickPickTest -->
  <testcase name="LottoPlay_QuickPickTest" time="0.027" classname="com.test.sogeti.ie.pom.testcases.LottoPlay_QuickPickTest">
    <skipped/>
  </testcase> <!-- LottoPlay_QuickPickTest -->
</testsuite> <!-- com.test.sogeti.ie.pom.testcases.LottoPlay_QuickPickTest -->
