<?xml version="1.0" encoding="UTF-8"?>
<!-- Generated by org.testng.reporters.JUnitReportReporter -->
<testsuite skipped="3" hostname="DIN35003570" name="com.test.sogeti.ie.pom.testcases.IWG_LuckInLove_NonLoggedInUser_TryNowTest" tests="3" failures="0" timestamp="07 Jan 2019 08:18:21 GMT" time="0.070" errors="0">
  <testcase name="IWG_LuckInLove_NonLoggedInUser_TryNowTest" time="0.024" classname="com.test.sogeti.ie.pom.testcases.IWG_LuckInLove_NonLoggedInUser_TryNowTest">
    <skipped/>
  </testcase> <!-- IWG_LuckInLove_NonLoggedInUser_TryNowTest -->
  <testcase name="IWG_LuckInLove_NonLoggedInUser_TryNowTest" time="0.021" classname="com.test.sogeti.ie.pom.testcases.IWG_LuckInLove_NonLoggedInUser_TryNowTest">
    <skipped/>
  </testcase> <!-- IWG_LuckInLove_NonLoggedInUser_TryNowTest -->
  <testcase name="IWG_LuckInLove_NonLoggedInUser_TryNowTest" time="0.025" classname="com.test.sogeti.ie.pom.testcases.IWG_LuckInLove_NonLoggedInUser_TryNowTest">
    <skipped/>
  </testcase> <!-- IWG_LuckInLove_NonLoggedInUser_TryNowTest -->
</testsuite> <!-- com.test.sogeti.ie.pom.testcases.IWG_LuckInLove_NonLoggedInUser_TryNowTest -->
