<?xml version="1.0" encoding="UTF-8"?>
<!-- Generated by org.testng.reporters.JUnitReportReporter -->
<testsuite skipped="3" hostname="DIN35003570" name="com.test.sogeti.ie.pom.testcases.VerificationIDTest" tests="3" failures="0" timestamp="07 Jan 2019 08:18:22 GMT" time="0.090" errors="0">
  <testcase name="VerificationIDTest" time="0.030" classname="com.test.sogeti.ie.pom.testcases.VerificationIDTest">
    <skipped/>
  </testcase> <!-- VerificationIDTest -->
  <testcase name="VerificationIDTest" time="0.028" classname="com.test.sogeti.ie.pom.testcases.VerificationIDTest">
    <skipped/>
  </testcase> <!-- VerificationIDTest -->
  <testcase name="VerificationIDTest" time="0.032" classname="com.test.sogeti.ie.pom.testcases.VerificationIDTest">
    <skipped/>
  </testcase> <!-- VerificationIDTest -->
</testsuite> <!-- com.test.sogeti.ie.pom.testcases.VerificationIDTest -->
